

================================================================
== Vivado HLS Report for 'softmax_array_array_ap_fixed_10u_softmax_config6_s'
================================================================
* Date:           Thu Feb 17 20:09:44 2022

* Version:        2019.2 (Build 2704478 on Wed Nov 06 22:10:23 MST 2019)
* Project:        myproject_prj
* Solution:       solution1
* Product family: virtexuplus
* Target device:  xcu250-figd2104-2L-e


================================================================
== Performance Estimates
================================================================
+ Timing: 
    * Summary: 
    +--------+---------+----------+------------+
    |  Clock |  Target | Estimated| Uncertainty|
    +--------+---------+----------+------------+
    |ap_clk  | 5.00 ns | 4.262 ns |   0.62 ns  |
    +--------+---------+----------+------------+

+ Latency: 
    * Summary: 
    +---------+---------+-----------+-----------+-----+-----+---------+
    |  Latency (cycles) |   Latency (absolute)  |  Interval | Pipeline|
    |   min   |   max   |    min    |    max    | min | max |   Type  |
    +---------+---------+-----------+-----------+-----+-----+---------+
    |        4|        4| 20.000 ns | 20.000 ns |    4|    4|   none  |
    +---------+---------+-----------+-----------+-----+-----+---------+

    + Detail: 
        * Instance: 
        +----------------------------------------------------------------------+-----------------------------------------------------------+---------+---------+-----------+-----------+-----+-----+----------+
        |                                                                      |                                                           |  Latency (cycles) |   Latency (absolute)  |  Interval | Pipeline |
        |                               Instance                               |                           Module                          |   min   |   max   |    min    |    max    | min | max |   Type   |
        +----------------------------------------------------------------------+-----------------------------------------------------------+---------+---------+-----------+-----------+-----+-----+----------+
        |grp_softmax_stable_array_array_ap_fixed_10u_softmax_config6_s_fu_184  |softmax_stable_array_array_ap_fixed_10u_softmax_config6_s  |        3|        3| 15.000 ns | 15.000 ns |    1|    1| function |
        +----------------------------------------------------------------------+-----------------------------------------------------------+---------+---------+-----------+-----------+-----+-----+----------+

        * Loop: 
        N/A



================================================================
== Utilization Estimates
================================================================
* Summary: 
+---------------------+---------+-------+---------+---------+------+
|         Name        | BRAM_18K| DSP48E|    FF   |   LUT   | URAM |
+---------------------+---------+-------+---------+---------+------+
|DSP                  |        -|      -|        -|        -|     -|
|Expression           |        -|      -|        0|       28|     -|
|FIFO                 |        -|      -|        -|        -|     -|
|Instance             |        6|     10|      360|     1253|     -|
|Memory               |        -|      -|        -|        -|     -|
|Multiplexer          |        -|      -|        -|      312|     -|
|Register             |        -|      -|        6|        -|     -|
+---------------------+---------+-------+---------+---------+------+
|Total                |        6|     10|      366|     1593|     0|
+---------------------+---------+-------+---------+---------+------+
|Available SLR        |     1344|   3072|   864000|   432000|   320|
+---------------------+---------+-------+---------+---------+------+
|Utilization SLR (%)  |    ~0   |   ~0  |    ~0   |    ~0   |     0|
+---------------------+---------+-------+---------+---------+------+
|Available            |     5376|  12288|  3456000|  1728000|  1280|
+---------------------+---------+-------+---------+---------+------+
|Utilization (%)      |    ~0   |   ~0  |    ~0   |    ~0   |     0|
+---------------------+---------+-------+---------+---------+------+

+ Detail: 
    * Instance: 
    +----------------------------------------------------------------------+-----------------------------------------------------------+---------+-------+-----+------+-----+
    |                               Instance                               |                           Module                          | BRAM_18K| DSP48E|  FF |  LUT | URAM|
    +----------------------------------------------------------------------+-----------------------------------------------------------+---------+-------+-----+------+-----+
    |grp_softmax_stable_array_array_ap_fixed_10u_softmax_config6_s_fu_184  |softmax_stable_array_array_ap_fixed_10u_softmax_config6_s  |        6|     10|  360|  1253|    0|
    +----------------------------------------------------------------------+-----------------------------------------------------------+---------+-------+-----+------+-----+
    |Total                                                                 |                                                           |        6|     10|  360|  1253|    0|
    +----------------------------------------------------------------------+-----------------------------------------------------------+---------+-------+-----+------+-----+

    * DSP48E: 
    N/A

    * Memory: 
    N/A

    * FIFO: 
    N/A

    * Expression: 
    +--------------------------------------------------------------------------------------------+----------+-------+---+----+------------+------------+
    |                                        Variable Name                                       | Operation| DSP48E| FF| LUT| Bitwidth P0| Bitwidth P1|
    +--------------------------------------------------------------------------------------------+----------+-------+---+----+------------+------------+
    |grp_softmax_stable_array_array_ap_fixed_10u_softmax_config6_s_fu_184_res_V_data_0_V_TREADY  |    and   |      0|  0|   2|           1|           1|
    |grp_softmax_stable_array_array_ap_fixed_10u_softmax_config6_s_fu_184_res_V_data_1_V_TREADY  |    and   |      0|  0|   2|           1|           1|
    |grp_softmax_stable_array_array_ap_fixed_10u_softmax_config6_s_fu_184_res_V_data_2_V_TREADY  |    and   |      0|  0|   2|           1|           1|
    |grp_softmax_stable_array_array_ap_fixed_10u_softmax_config6_s_fu_184_res_V_data_3_V_TREADY  |    and   |      0|  0|   2|           1|           1|
    |grp_softmax_stable_array_array_ap_fixed_10u_softmax_config6_s_fu_184_res_V_data_4_V_TREADY  |    and   |      0|  0|   2|           1|           1|
    |grp_softmax_stable_array_array_ap_fixed_10u_softmax_config6_s_fu_184_res_V_data_5_V_TREADY  |    and   |      0|  0|   2|           1|           1|
    |grp_softmax_stable_array_array_ap_fixed_10u_softmax_config6_s_fu_184_res_V_data_6_V_TREADY  |    and   |      0|  0|   2|           1|           1|
    |grp_softmax_stable_array_array_ap_fixed_10u_softmax_config6_s_fu_184_res_V_data_7_V_TREADY  |    and   |      0|  0|   2|           1|           1|
    |grp_softmax_stable_array_array_ap_fixed_10u_softmax_config6_s_fu_184_res_V_data_8_V_TREADY  |    and   |      0|  0|   2|           1|           1|
    |grp_softmax_stable_array_array_ap_fixed_10u_softmax_config6_s_fu_184_res_V_data_9_V_TREADY  |    and   |      0|  0|   2|           1|           1|
    |ap_block_state1                                                                             |    or    |      0|  0|   2|           1|           1|
    |ap_block_state1_ignore_call20                                                               |    or    |      0|  0|   2|           1|           1|
    |ap_block_state4                                                                             |    or    |      0|  0|   2|           1|           1|
    |ap_block_state5                                                                             |    or    |      0|  0|   2|           1|           1|
    +--------------------------------------------------------------------------------------------+----------+-------+---+----+------------+------------+
    |Total                                                                                       |          |      0|  0|  28|          14|          14|
    +--------------------------------------------------------------------------------------------+----------+-------+---+----+------------+------------+

    * Multiplexer: 
    +----------------------------+----+-----------+-----+-----------+
    |            Name            | LUT| Input Size| Bits| Total Bits|
    +----------------------------+----+-----------+-----+-----------+
    |ap_NS_fsm                   |  33|          6|    1|          6|
    |ap_done                     |   9|          2|    1|          2|
    |data_V_data_0_V_blk_n       |   9|          2|    1|          2|
    |data_V_data_0_V_read        |   9|          2|    1|          2|
    |data_V_data_1_V_blk_n       |   9|          2|    1|          2|
    |data_V_data_1_V_read        |   9|          2|    1|          2|
    |data_V_data_2_V_blk_n       |   9|          2|    1|          2|
    |data_V_data_2_V_read        |   9|          2|    1|          2|
    |data_V_data_3_V_blk_n       |   9|          2|    1|          2|
    |data_V_data_3_V_read        |   9|          2|    1|          2|
    |data_V_data_4_V_blk_n       |   9|          2|    1|          2|
    |data_V_data_4_V_read        |   9|          2|    1|          2|
    |data_V_data_5_V_blk_n       |   9|          2|    1|          2|
    |data_V_data_5_V_read        |   9|          2|    1|          2|
    |data_V_data_6_V_blk_n       |   9|          2|    1|          2|
    |data_V_data_6_V_read        |   9|          2|    1|          2|
    |data_V_data_7_V_blk_n       |   9|          2|    1|          2|
    |data_V_data_7_V_read        |   9|          2|    1|          2|
    |data_V_data_8_V_blk_n       |   9|          2|    1|          2|
    |data_V_data_8_V_read        |   9|          2|    1|          2|
    |data_V_data_9_V_blk_n       |   9|          2|    1|          2|
    |data_V_data_9_V_read        |   9|          2|    1|          2|
    |res_V_data_0_V_TDATA_blk_n  |   9|          2|    1|          2|
    |res_V_data_1_V_TDATA_blk_n  |   9|          2|    1|          2|
    |res_V_data_2_V_TDATA_blk_n  |   9|          2|    1|          2|
    |res_V_data_3_V_TDATA_blk_n  |   9|          2|    1|          2|
    |res_V_data_4_V_TDATA_blk_n  |   9|          2|    1|          2|
    |res_V_data_5_V_TDATA_blk_n  |   9|          2|    1|          2|
    |res_V_data_6_V_TDATA_blk_n  |   9|          2|    1|          2|
    |res_V_data_7_V_TDATA_blk_n  |   9|          2|    1|          2|
    |res_V_data_8_V_TDATA_blk_n  |   9|          2|    1|          2|
    |res_V_data_9_V_TDATA_blk_n  |   9|          2|    1|          2|
    +----------------------------+----+-----------+-----+-----------+
    |Total                       | 312|         68|   32|         68|
    +----------------------------+----+-----------+-----+-----------+

    * Register: 
    +-------------+---+----+-----+-----------+
    |     Name    | FF| LUT| Bits| Const Bits|
    +-------------+---+----+-----+-----------+
    |ap_CS_fsm    |  5|   0|    5|          0|
    |ap_done_reg  |  1|   0|    1|          0|
    +-------------+---+----+-----+-----------+
    |Total        |  6|   0|    6|          0|
    +-------------+---+----+-----+-----------+



================================================================
== Interface
================================================================
* Summary: 
+-------------------------+-----+-----+------------+----------------------------------------------------+--------------+
|        RTL Ports        | Dir | Bits|  Protocol  |                    Source Object                   |    C Type    |
+-------------------------+-----+-----+------------+----------------------------------------------------+--------------+
|ap_clk                   |  in |    1| ap_ctrl_hs | softmax<array,array<ap_fixed,10u>,softmax_config6> | return value |
|ap_rst                   |  in |    1| ap_ctrl_hs | softmax<array,array<ap_fixed,10u>,softmax_config6> | return value |
|ap_start                 |  in |    1| ap_ctrl_hs | softmax<array,array<ap_fixed,10u>,softmax_config6> | return value |
|ap_done                  | out |    1| ap_ctrl_hs | softmax<array,array<ap_fixed,10u>,softmax_config6> | return value |
|ap_continue              |  in |    1| ap_ctrl_hs | softmax<array,array<ap_fixed,10u>,softmax_config6> | return value |
|ap_idle                  | out |    1| ap_ctrl_hs | softmax<array,array<ap_fixed,10u>,softmax_config6> | return value |
|ap_ready                 | out |    1| ap_ctrl_hs | softmax<array,array<ap_fixed,10u>,softmax_config6> | return value |
|data_V_data_0_V_dout     |  in |   16|   ap_fifo  |                   data_V_data_0_V                  |    pointer   |
|data_V_data_0_V_empty_n  |  in |    1|   ap_fifo  |                   data_V_data_0_V                  |    pointer   |
|data_V_data_0_V_read     | out |    1|   ap_fifo  |                   data_V_data_0_V                  |    pointer   |
|data_V_data_1_V_dout     |  in |   16|   ap_fifo  |                   data_V_data_1_V                  |    pointer   |
|data_V_data_1_V_empty_n  |  in |    1|   ap_fifo  |                   data_V_data_1_V                  |    pointer   |
|data_V_data_1_V_read     | out |    1|   ap_fifo  |                   data_V_data_1_V                  |    pointer   |
|data_V_data_2_V_dout     |  in |   16|   ap_fifo  |                   data_V_data_2_V                  |    pointer   |
|data_V_data_2_V_empty_n  |  in |    1|   ap_fifo  |                   data_V_data_2_V                  |    pointer   |
|data_V_data_2_V_read     | out |    1|   ap_fifo  |                   data_V_data_2_V                  |    pointer   |
|data_V_data_3_V_dout     |  in |   16|   ap_fifo  |                   data_V_data_3_V                  |    pointer   |
|data_V_data_3_V_empty_n  |  in |    1|   ap_fifo  |                   data_V_data_3_V                  |    pointer   |
|data_V_data_3_V_read     | out |    1|   ap_fifo  |                   data_V_data_3_V                  |    pointer   |
|data_V_data_4_V_dout     |  in |   16|   ap_fifo  |                   data_V_data_4_V                  |    pointer   |
|data_V_data_4_V_empty_n  |  in |    1|   ap_fifo  |                   data_V_data_4_V                  |    pointer   |
|data_V_data_4_V_read     | out |    1|   ap_fifo  |                   data_V_data_4_V                  |    pointer   |
|data_V_data_5_V_dout     |  in |   16|   ap_fifo  |                   data_V_data_5_V                  |    pointer   |
|data_V_data_5_V_empty_n  |  in |    1|   ap_fifo  |                   data_V_data_5_V                  |    pointer   |
|data_V_data_5_V_read     | out |    1|   ap_fifo  |                   data_V_data_5_V                  |    pointer   |
|data_V_data_6_V_dout     |  in |   16|   ap_fifo  |                   data_V_data_6_V                  |    pointer   |
|data_V_data_6_V_empty_n  |  in |    1|   ap_fifo  |                   data_V_data_6_V                  |    pointer   |
|data_V_data_6_V_read     | out |    1|   ap_fifo  |                   data_V_data_6_V                  |    pointer   |
|data_V_data_7_V_dout     |  in |   16|   ap_fifo  |                   data_V_data_7_V                  |    pointer   |
|data_V_data_7_V_empty_n  |  in |    1|   ap_fifo  |                   data_V_data_7_V                  |    pointer   |
|data_V_data_7_V_read     | out |    1|   ap_fifo  |                   data_V_data_7_V                  |    pointer   |
|data_V_data_8_V_dout     |  in |   16|   ap_fifo  |                   data_V_data_8_V                  |    pointer   |
|data_V_data_8_V_empty_n  |  in |    1|   ap_fifo  |                   data_V_data_8_V                  |    pointer   |
|data_V_data_8_V_read     | out |    1|   ap_fifo  |                   data_V_data_8_V                  |    pointer   |
|data_V_data_9_V_dout     |  in |   16|   ap_fifo  |                   data_V_data_9_V                  |    pointer   |
|data_V_data_9_V_empty_n  |  in |    1|   ap_fifo  |                   data_V_data_9_V                  |    pointer   |
|data_V_data_9_V_read     | out |    1|   ap_fifo  |                   data_V_data_9_V                  |    pointer   |
|res_V_data_0_V_TDATA     | out |   16|    axis    |                   res_V_data_0_V                   |    pointer   |
|res_V_data_0_V_TVALID    | out |    1|    axis    |                   res_V_data_0_V                   |    pointer   |
|res_V_data_0_V_TREADY    |  in |    1|    axis    |                   res_V_data_0_V                   |    pointer   |
|res_V_data_1_V_TDATA     | out |   16|    axis    |                   res_V_data_1_V                   |    pointer   |
|res_V_data_1_V_TVALID    | out |    1|    axis    |                   res_V_data_1_V                   |    pointer   |
|res_V_data_1_V_TREADY    |  in |    1|    axis    |                   res_V_data_1_V                   |    pointer   |
|res_V_data_2_V_TDATA     | out |   16|    axis    |                   res_V_data_2_V                   |    pointer   |
|res_V_data_2_V_TVALID    | out |    1|    axis    |                   res_V_data_2_V                   |    pointer   |
|res_V_data_2_V_TREADY    |  in |    1|    axis    |                   res_V_data_2_V                   |    pointer   |
|res_V_data_3_V_TDATA     | out |   16|    axis    |                   res_V_data_3_V                   |    pointer   |
|res_V_data_3_V_TVALID    | out |    1|    axis    |                   res_V_data_3_V                   |    pointer   |
|res_V_data_3_V_TREADY    |  in |    1|    axis    |                   res_V_data_3_V                   |    pointer   |
|res_V_data_4_V_TDATA     | out |   16|    axis    |                   res_V_data_4_V                   |    pointer   |
|res_V_data_4_V_TVALID    | out |    1|    axis    |                   res_V_data_4_V                   |    pointer   |
|res_V_data_4_V_TREADY    |  in |    1|    axis    |                   res_V_data_4_V                   |    pointer   |
|res_V_data_5_V_TDATA     | out |   16|    axis    |                   res_V_data_5_V                   |    pointer   |
|res_V_data_5_V_TVALID    | out |    1|    axis    |                   res_V_data_5_V                   |    pointer   |
|res_V_data_5_V_TREADY    |  in |    1|    axis    |                   res_V_data_5_V                   |    pointer   |
|res_V_data_6_V_TDATA     | out |   16|    axis    |                   res_V_data_6_V                   |    pointer   |
|res_V_data_6_V_TVALID    | out |    1|    axis    |                   res_V_data_6_V                   |    pointer   |
|res_V_data_6_V_TREADY    |  in |    1|    axis    |                   res_V_data_6_V                   |    pointer   |
|res_V_data_7_V_TDATA     | out |   16|    axis    |                   res_V_data_7_V                   |    pointer   |
|res_V_data_7_V_TVALID    | out |    1|    axis    |                   res_V_data_7_V                   |    pointer   |
|res_V_data_7_V_TREADY    |  in |    1|    axis    |                   res_V_data_7_V                   |    pointer   |
|res_V_data_8_V_TDATA     | out |   16|    axis    |                   res_V_data_8_V                   |    pointer   |
|res_V_data_8_V_TVALID    | out |    1|    axis    |                   res_V_data_8_V                   |    pointer   |
|res_V_data_8_V_TREADY    |  in |    1|    axis    |                   res_V_data_8_V                   |    pointer   |
|res_V_data_9_V_TDATA     | out |   16|    axis    |                   res_V_data_9_V                   |    pointer   |
|res_V_data_9_V_TVALID    | out |    1|    axis    |                   res_V_data_9_V                   |    pointer   |
|res_V_data_9_V_TREADY    |  in |    1|    axis    |                   res_V_data_9_V                   |    pointer   |
+-------------------------+-----+-----+------------+----------------------------------------------------+--------------+

