==============================================================
Vivado(TM) HLS - High-Level Synthesis from C, C++ and SystemC v2019.2 (64-bit)
Copyright 1986-2019 Xilinx, Inc. All Rights Reserved.
==============================================================
INFO: [XFORM 203-101] Allowed max sub elements number after partition is 4096.
INFO: [XFORM 203-1161] The maximum of name length is set into 60.
INFO: [HLS 200-10] Setting target device to 'xcu250-figd2104-2L-e'
INFO: [SYN 201-201] Setting up clock 'default' with a period of 5ns.
INFO: [SCHED 204-61] Option 'relax_ii_for_timing' is enabled, will increase II to preserve clock frequency constraints.
INFO: [HLS 200-10] Analyzing design file 'firmware/myproject.cpp' ... 
WARNING: [HLS 214-114] Since the only kind of statements allowed in a canonical dataflow region are variable declarations and function calls, the compiler may not be able to correctly handle the region: firmware/nnet_utils/nnet_dense_latency.h:64:9
WARNING: [HLS 214-114] Since the only kind of statements allowed in a canonical dataflow region are variable declarations and function calls, the compiler may not be able to correctly handle the region: firmware/nnet_utils/nnet_dense_latency.h:79:2
WARNING: [HLS 214-104] Only for-loops and functions support the dataflow: firmware/nnet_utils/nnet_dense_latency.h:76:9
WARNING: [HLS 214-113] Either use an argument of the function or declare the variable inside the dataflow loop body: firmware/myproject.cpp:62:72
WARNING: [HLS 214-113] Either use an argument of the function or declare the variable inside the dataflow loop body: firmware/myproject.cpp:62:76
WARNING: [HLS 214-113] Either use an argument of the function or declare the variable inside the dataflow loop body: firmware/myproject.cpp:70:67
WARNING: [HLS 214-113] Either use an argument of the function or declare the variable inside the dataflow loop body: firmware/myproject.cpp:70:71
WARNING: [HLS 214-114] Since the only kind of statements allowed in a canonical dataflow region are variable declarations and function calls, the compiler may not be able to correctly handle the region: firmware/myproject.cpp:35:2
WARNING: [HLS 214-114] Since the only kind of statements allowed in a canonical dataflow region are variable declarations and function calls, the compiler may not be able to correctly handle the region: firmware/myproject.cpp:36:5
WARNING: [HLS 200-471] Dataflow form checks found 9 issue(s) in file firmware/myproject.cpp
INFO: [HLS 200-111] Finished Linking Time (s): cpu = 00:00:29 ; elapsed = 00:00:31 . Memory (MB): peak = 890.492 ; gain = 459.035 ; free physical = 8253 ; free virtual = 10758
INFO: [HLS 200-111] Finished Checking Pragmas Time (s): cpu = 00:00:29 ; elapsed = 00:00:31 . Memory (MB): peak = 890.492 ; gain = 459.035 ; free physical = 8253 ; free virtual = 10758
INFO: [HLS 200-10] Starting code transformations ...
INFO: [HLS 200-489] Unrolling loop 'UpdateBuffer' (firmware/nnet_utils/nnet_conv_stream.h:220) in function 'void nnet::shift_line_buffer<nnet::array<ap_fixed<16, 6, (ap_q_mode)5, (ap_o_mode)3, 0>, 1u>, config2>(FORWARD_REFERENCE const&, ap_shift_reg<FORWARD_REFERENCE::value_type, FORWARD_REFERENCE::in_width> (*) [FORWARD_REFERENCE::n_chan], FORWARD_REFERENCE::value_type*)' completely with a factor of 1.
INFO: [HLS 200-489] Unrolling loop 'Loop-1' (firmware/nnet_utils/nnet_padding_stream.h:12) in function 'void nnet::fill_zero<nnet::array<ap_fixed<16, 6, (ap_q_mode)5, (ap_o_mode)3, 0>, 1u>, config7>(hls::stream<FORWARD_REFERENCE>&)' completely with a factor of 1.
INFO: [HLS 200-489] Unrolling loop 'Loop-1' (firmware/nnet_utils/nnet_padding_stream.h:24) in function 'void nnet::fill_data<nnet::array<ap_fixed<16, 6, (ap_q_mode)5, (ap_o_mode)3, 0>, 1u>, nnet::array<ap_fixed<16, 6, (ap_q_mode)5, (ap_o_mode)3, 0>, 1u>, config7>(hls::stream<FORWARD_REFERENCE>&, hls::stream<FORWARD_REFERENCE>&)' completely with a factor of 1.
INFO: [XFORM 203-603] Inlining function 'nnet::array<ap_fixed<16, 6, (ap_q_mode)5, (ap_o_mode)3, 0>, 1u>::operator[].1' into 'nnet::fill_zero<nnet::array<ap_fixed<16, 6, (ap_q_mode)5, (ap_o_mode)3, 0>, 1u>, config7>' (firmware/nnet_utils/nnet_padding_stream.h:14).
INFO: [XFORM 203-603] Inlining function 'nnet::array<ap_fixed<16, 6, (ap_q_mode)5, (ap_o_mode)3, 0>, 1u>::operator[].1' into 'nnet::fill_data<nnet::array<ap_fixed<16, 6, (ap_q_mode)5, (ap_o_mode)3, 0>, 1u>, nnet::array<ap_fixed<16, 6, (ap_q_mode)5, (ap_o_mode)3, 0>, 1u>, config7>' (firmware/nnet_utils/nnet_padding_stream.h:26).
INFO: [XFORM 203-603] Inlining function 'nnet::array<ap_fixed<16, 6, (ap_q_mode)5, (ap_o_mode)3, 0>, 1u>::operator[].1' into 'nnet::fill_data<nnet::array<ap_fixed<16, 6, (ap_q_mode)5, (ap_o_mode)3, 0>, 1u>, nnet::array<ap_fixed<16, 6, (ap_q_mode)5, (ap_o_mode)3, 0>, 1u>, config7>' (firmware/nnet_utils/nnet_padding_stream.h:26).
INFO: [XFORM 203-603] Inlining function 'nnet::fill_zero<nnet::array<ap_fixed<16, 6, (ap_q_mode)5, (ap_o_mode)3, 0>, 1u>, config7>' into 'nnet::zeropad2d_cl<nnet::array<ap_fixed<16, 6, (ap_q_mode)5, (ap_o_mode)3, 0>, 1u>, nnet::array<ap_fixed<16, 6, (ap_q_mode)5, (ap_o_mode)3, 0>, 1u>, config7>' (firmware/nnet_utils/nnet_padding_stream.h:75).
INFO: [XFORM 203-603] Inlining function 'nnet::fill_zero<nnet::array<ap_fixed<16, 6, (ap_q_mode)5, (ap_o_mode)3, 0>, 1u>, config7>' into 'nnet::zeropad2d_cl<nnet::array<ap_fixed<16, 6, (ap_q_mode)5, (ap_o_mode)3, 0>, 1u>, nnet::array<ap_fixed<16, 6, (ap_q_mode)5, (ap_o_mode)3, 0>, 1u>, config7>' (firmware/nnet_utils/nnet_padding_stream.h:69).
INFO: [XFORM 203-603] Inlining function 'nnet::fill_zero<nnet::array<ap_fixed<16, 6, (ap_q_mode)5, (ap_o_mode)3, 0>, 1u>, config7>' into 'nnet::zeropad2d_cl<nnet::array<ap_fixed<16, 6, (ap_q_mode)5, (ap_o_mode)3, 0>, 1u>, nnet::array<ap_fixed<16, 6, (ap_q_mode)5, (ap_o_mode)3, 0>, 1u>, config7>' (firmware/nnet_utils/nnet_padding_stream.h:63).
INFO: [XFORM 203-603] Inlining function 'nnet::fill_zero<nnet::array<ap_fixed<16, 6, (ap_q_mode)5, (ap_o_mode)3, 0>, 1u>, config7>' into 'nnet::zeropad2d_cl<nnet::array<ap_fixed<16, 6, (ap_q_mode)5, (ap_o_mode)3, 0>, 1u>, nnet::array<ap_fixed<16, 6, (ap_q_mode)5, (ap_o_mode)3, 0>, 1u>, config7>' (firmware/nnet_utils/nnet_padding_stream.h:57).
INFO: [XFORM 203-603] Inlining function 'nnet::fill_data<nnet::array<ap_fixed<16, 6, (ap_q_mode)5, (ap_o_mode)3, 0>, 1u>, nnet::array<ap_fixed<16, 6, (ap_q_mode)5, (ap_o_mode)3, 0>, 1u>, config7>' into 'nnet::zeropad2d_cl<nnet::array<ap_fixed<16, 6, (ap_q_mode)5, (ap_o_mode)3, 0>, 1u>, nnet::array<ap_fixed<16, 6, (ap_q_mode)5, (ap_o_mode)3, 0>, 1u>, config7>' (firmware/nnet_utils/nnet_padding_stream.h:66).
INFO: [XFORM 203-603] Inlining function 'nnet::array<ap_fixed<16, 6, (ap_q_mode)5, (ap_o_mode)3, 0>, 1u>::operator[]' into 'nnet::shift_line_buffer<nnet::array<ap_fixed<16, 6, (ap_q_mode)5, (ap_o_mode)3, 0>, 1u>, config2>' (firmware/nnet_utils/nnet_conv_stream.h:224).
INFO: [XFORM 203-603] Inlining function 'nnet::kernel_shift_2d<nnet::array<ap_fixed<16, 6, (ap_q_mode)5, (ap_o_mode)3, 0>, 1u>, config2>' into 'nnet::shift_line_buffer<nnet::array<ap_fixed<16, 6, (ap_q_mode)5, (ap_o_mode)3, 0>, 1u>, config2>' (firmware/nnet_utils/nnet_conv_stream.h:235).
INFO: [XFORM 203-603] Inlining function 'nnet::product::mult<ap_fixed<16, 6, (ap_q_mode)5, (ap_o_mode)3, 0>, ap_fixed<16, 6, (ap_q_mode)5, (ap_o_mode)3, 0>, ap_fixed<16, 6, (ap_q_mode)5, (ap_o_mode)3, 0> >::limit' into 'nnet::dense_latency<ap_fixed<16, 6, (ap_q_mode)5, (ap_o_mode)3, 0>, ap_fixed<16, 6, (ap_q_mode)5, (ap_o_mode)3, 0>, config2_mult>' (firmware/nnet_utils/nnet_dense_latency.h:57).
INFO: [XFORM 203-603] Inlining function 'nnet::product::mult<ap_fixed<16, 6, (ap_q_mode)5, (ap_o_mode)3, 0>, ap_fixed<16, 6, (ap_q_mode)5, (ap_o_mode)3, 0>, ap_fixed<16, 6, (ap_q_mode)5, (ap_o_mode)3, 0> >::limit' into 'nnet::dense_latency<ap_fixed<16, 6, (ap_q_mode)5, (ap_o_mode)3, 0>, ap_fixed<16, 6, (ap_q_mode)5, (ap_o_mode)3, 0>, config5>' (firmware/nnet_utils/nnet_dense_latency.h:57).
INFO: [XFORM 203-603] Inlining function 'nnet::product::mult<ap_fixed<16, 6, (ap_q_mode)5, (ap_o_mode)3, 0>, ap_fixed<16, 6, (ap_q_mode)5, (ap_o_mode)3, 0>, ap_fixed<16, 6, (ap_q_mode)5, (ap_o_mode)3, 0> >::product' into 'nnet::dense_latency<ap_fixed<16, 6, (ap_q_mode)5, (ap_o_mode)3, 0>, ap_fixed<16, 6, (ap_q_mode)5, (ap_o_mode)3, 0>, config2_mult>' (firmware/nnet_utils/nnet_dense_latency.h:96).
INFO: [XFORM 203-603] Inlining function 'nnet::product::mult<ap_fixed<16, 6, (ap_q_mode)5, (ap_o_mode)3, 0>, ap_fixed<16, 6, (ap_q_mode)5, (ap_o_mode)3, 0>, ap_fixed<16, 6, (ap_q_mode)5, (ap_o_mode)3, 0> >::product' into 'nnet::dense_latency<ap_fixed<16, 6, (ap_q_mode)5, (ap_o_mode)3, 0>, ap_fixed<16, 6, (ap_q_mode)5, (ap_o_mode)3, 0>, config5>' (firmware/nnet_utils/nnet_dense_latency.h:96).
INFO: [XFORM 203-603] Inlining function 'nnet::array<ap_fixed<16, 6, (ap_q_mode)5, (ap_o_mode)3, 0>, 2u>::operator[]' into 'nnet::compute_output_buffer_2d<nnet::array<ap_fixed<16, 6, (ap_q_mode)5, (ap_o_mode)3, 0>, 1u>, nnet::array<ap_fixed<16, 6, (ap_q_mode)5, (ap_o_mode)3, 0>, 2u>, config2>' (firmware/nnet_utils/nnet_conv_stream.h:285).
INFO: [XFORM 203-603] Inlining function 'nnet::array<ap_fixed<16, 6, (ap_q_mode)5, (ap_o_mode)3, 0>, 2u>::operator[]' into 'nnet::dense<nnet::array<ap_fixed<16, 6, (ap_q_mode)5, (ap_o_mode)3, 0>, 2u>, nnet::array<ap_fixed<16, 6, (ap_q_mode)5, (ap_o_mode)3, 0>, 10u>, config5>' (firmware/nnet_utils/nnet_dense_stream.h:48).
INFO: [XFORM 203-603] Inlining function 'nnet::array<ap_fixed<16, 6, (ap_q_mode)5, (ap_o_mode)3, 0>, 2u>::operator[]' into 'nnet::relu<nnet::array<ap_fixed<16, 6, (ap_q_mode)5, (ap_o_mode)3, 0>, 2u>, nnet::array<ap_fixed<16, 6, (ap_q_mode)5, (ap_o_mode)3, 0>, 2u>, relu_config3>' (firmware/nnet_utils/nnet_activation_stream.h:70).
INFO: [XFORM 203-603] Inlining function 'nnet::array<ap_fixed<16, 6, (ap_q_mode)5, (ap_o_mode)3, 0>, 2u>::operator[]' into 'nnet::relu<nnet::array<ap_fixed<16, 6, (ap_q_mode)5, (ap_o_mode)3, 0>, 2u>, nnet::array<ap_fixed<16, 6, (ap_q_mode)5, (ap_o_mode)3, 0>, 2u>, relu_config3>' (firmware/nnet_utils/nnet_activation_stream.h:69).
INFO: [XFORM 203-603] Inlining function 'nnet::array<ap_fixed<16, 6, (ap_q_mode)5, (ap_o_mode)3, 0>, 2u>::operator[]' into 'nnet::relu<nnet::array<ap_fixed<16, 6, (ap_q_mode)5, (ap_o_mode)3, 0>, 2u>, nnet::array<ap_fixed<16, 6, (ap_q_mode)5, (ap_o_mode)3, 0>, 2u>, relu_config3>' (firmware/nnet_utils/nnet_activation_stream.h:69).
INFO: [XFORM 203-603] Inlining function 'nnet::array<ap_fixed<16, 6, (ap_q_mode)5, (ap_o_mode)3, 0>, 2u>::operator[]' into 'nnet::relu<nnet::array<ap_fixed<16, 6, (ap_q_mode)5, (ap_o_mode)3, 0>, 2u>, nnet::array<ap_fixed<16, 6, (ap_q_mode)5, (ap_o_mode)3, 0>, 2u>, relu_config3>' (firmware/nnet_utils/nnet_activation_stream.h:69).
INFO: [XFORM 203-603] Inlining function 'nnet::dense_latency<ap_fixed<16, 6, (ap_q_mode)5, (ap_o_mode)3, 0>, ap_fixed<16, 6, (ap_q_mode)5, (ap_o_mode)3, 0>, config2_mult>' into 'nnet::compute_output_buffer_2d<nnet::array<ap_fixed<16, 6, (ap_q_mode)5, (ap_o_mode)3, 0>, 1u>, nnet::array<ap_fixed<16, 6, (ap_q_mode)5, (ap_o_mode)3, 0>, 2u>, config2>' (firmware/nnet_utils/nnet_conv_stream.h:277).
INFO: [XFORM 203-603] Inlining function 'nnet::compute_output_buffer_2d<nnet::array<ap_fixed<16, 6, (ap_q_mode)5, (ap_o_mode)3, 0>, 1u>, nnet::array<ap_fixed<16, 6, (ap_q_mode)5, (ap_o_mode)3, 0>, 2u>, config2>' into 'nnet::conv_2d_buffer_cl<nnet::array<ap_fixed<16, 6, (ap_q_mode)5, (ap_o_mode)3, 0>, 1u>, nnet::array<ap_fixed<16, 6, (ap_q_mode)5, (ap_o_mode)3, 0>, 2u>, config2>' (firmware/nnet_utils/nnet_conv2d_stream.h:85).
INFO: [XFORM 203-603] Inlining function 'nnet::conv_2d_buffer_cl<nnet::array<ap_fixed<16, 6, (ap_q_mode)5, (ap_o_mode)3, 0>, 1u>, nnet::array<ap_fixed<16, 6, (ap_q_mode)5, (ap_o_mode)3, 0>, 2u>, config2>' into 'nnet::conv_2d_cl<nnet::array<ap_fixed<16, 6, (ap_q_mode)5, (ap_o_mode)3, 0>, 1u>, nnet::array<ap_fixed<16, 6, (ap_q_mode)5, (ap_o_mode)3, 0>, 2u>, config2>' (firmware/nnet_utils/nnet_conv2d_stream.h:103).
INFO: [XFORM 203-603] Inlining function 'nnet::dense_latency<ap_fixed<16, 6, (ap_q_mode)5, (ap_o_mode)3, 0>, ap_fixed<16, 6, (ap_q_mode)5, (ap_o_mode)3, 0>, config5>' into 'nnet::dense_wrapper<ap_fixed<16, 6, (ap_q_mode)5, (ap_o_mode)3, 0>, ap_fixed<16, 6, (ap_q_mode)5, (ap_o_mode)3, 0>, config5>' (firmware/nnet_utils/nnet_dense_stream.h:22).
INFO: [XFORM 203-603] Inlining function 'nnet::array<ap_fixed<16, 6, (ap_q_mode)5, (ap_o_mode)3, 0>, 10u>::operator[]' into 'nnet::softmax_stable<nnet::array<ap_fixed<16, 6, (ap_q_mode)5, (ap_o_mode)3, 0>, 10u>, nnet::array<ap_fixed<16, 6, (ap_q_mode)5, (ap_o_mode)3, 0>, 10u>, softmax_config6>' (firmware/nnet_utils/nnet_activation_stream.h:245).
INFO: [XFORM 203-603] Inlining function 'nnet::array<ap_fixed<16, 6, (ap_q_mode)5, (ap_o_mode)3, 0>, 10u>::operator[]' into 'nnet::softmax_stable<nnet::array<ap_fixed<16, 6, (ap_q_mode)5, (ap_o_mode)3, 0>, 10u>, nnet::array<ap_fixed<16, 6, (ap_q_mode)5, (ap_o_mode)3, 0>, 10u>, softmax_config6>' (firmware/nnet_utils/nnet_activation_stream.h:209).
INFO: [XFORM 203-603] Inlining function 'nnet::array<ap_fixed<16, 6, (ap_q_mode)5, (ap_o_mode)3, 0>, 10u>::operator[]' into 'nnet::dense<nnet::array<ap_fixed<16, 6, (ap_q_mode)5, (ap_o_mode)3, 0>, 2u>, nnet::array<ap_fixed<16, 6, (ap_q_mode)5, (ap_o_mode)3, 0>, 10u>, config5>' (firmware/nnet_utils/nnet_dense_stream.h:62).
INFO: [HLS 200-111] Finished Standard Transforms Time (s): cpu = 00:00:34 ; elapsed = 00:00:36 . Memory (MB): peak = 959.918 ; gain = 528.461 ; free physical = 8145 ; free virtual = 10665
INFO: [HLS 200-10] Checking synthesizability ...
INFO: [XFORM 203-602] Inlining function 'fp_struct<double>::mantissa' into 'generic_cast_IEEE754<int, (ap_q_mode)6, double>' (/wrk/2019.2/continuous/2019_11_06_2708876/src/products/hls/hls_lib/hlsmath/include/FloatingPoint/hls_case_IEEE754.h:15) automatically.
INFO: [XFORM 203-602] Inlining function 'fp_struct<double>::expv' into 'generic_cast_IEEE754<int, (ap_q_mode)6, double>' (/wrk/2019.2/continuous/2019_11_06_2708876/src/products/hls/hls_lib/hlsmath/include/FloatingPoint/hls_case_IEEE754.h:18) automatically.
INFO: [XFORM 203-602] Inlining function 'fp_struct<double>::__signbit' into 'generic_cast_IEEE754<int, (ap_q_mode)6, double>' (/wrk/2019.2/continuous/2019_11_06_2708876/src/products/hls/hls_lib/hlsmath/include/FloatingPoint/hls_case_IEEE754.h:59) automatically.
INFO: [XFORM 203-602] Inlining function 'generic_cast_IEEE754<int, (ap_q_mode)6, double>' into 'generic_cast_IEEE754<int, double>' (/wrk/2019.2/continuous/2019_11_06_2708876/src/products/hls/hls_lib/hlsmath/include/FloatingPoint/hls_case_IEEE754.h:117) automatically.
INFO: [XFORM 203-602] Inlining function 'generic_cast_IEEE754<int, double>' into '__hls_fptosi_double_i32' (/wrk/2019.2/continuous/2019_11_06_2708876/src/products/hls/hls_lib/hlsmath/src/lib_floatconversion.cpp:55) automatically.
INFO: [XFORM 203-602] Inlining function '__hls_fptosi_double_i32' into 'nnet::conv_2d_cl<nnet::array<ap_fixed<16, 6, (ap_q_mode)5, (ap_o_mode)3, 0>, 1u>, nnet::array<ap_fixed<16, 6, (ap_q_mode)5, (ap_o_mode)3, 0>, 2u>, config2>' (firmware/nnet_utils/nnet_dense_latency.h:56->firmware/nnet_utils/nnet_conv_stream.h:277->firmware/nnet_utils/nnet_conv2d_stream.h:85->firmware/nnet_utils/nnet_conv2d_stream.h:103) automatically.
INFO: [XFORM 203-602] Inlining function 'nnet::cast<ap_fixed<16, 6, (ap_q_mode)5, (ap_o_mode)3, 0>, ap_fixed<16, 6, (ap_q_mode)5, (ap_o_mode)3, 0>, config2_mult>' into 'nnet::conv_2d_cl<nnet::array<ap_fixed<16, 6, (ap_q_mode)5, (ap_o_mode)3, 0>, 1u>, nnet::array<ap_fixed<16, 6, (ap_q_mode)5, (ap_o_mode)3, 0>, 2u>, config2>' (firmware/nnet_utils/nnet_dense_latency.h:125->firmware/nnet_utils/nnet_conv_stream.h:277->firmware/nnet_utils/nnet_conv2d_stream.h:85->firmware/nnet_utils/nnet_conv2d_stream.h:103) automatically.
INFO: [XFORM 203-602] Inlining function '__hls_fptosi_double_i32' into 'nnet::dense_wrapper<ap_fixed<16, 6, (ap_q_mode)5, (ap_o_mode)3, 0>, ap_fixed<16, 6, (ap_q_mode)5, (ap_o_mode)3, 0>, config5>' (firmware/nnet_utils/nnet_dense_latency.h:56->firmware/nnet_utils/nnet_dense_stream.h:22) automatically.
INFO: [XFORM 203-602] Inlining function 'nnet::cast<ap_fixed<16, 6, (ap_q_mode)5, (ap_o_mode)3, 0>, ap_fixed<16, 6, (ap_q_mode)5, (ap_o_mode)3, 0>, config5>' into 'nnet::dense_wrapper<ap_fixed<16, 6, (ap_q_mode)5, (ap_o_mode)3, 0>, ap_fixed<16, 6, (ap_q_mode)5, (ap_o_mode)3, 0>, config5>' (firmware/nnet_utils/nnet_dense_latency.h:125->firmware/nnet_utils/nnet_dense_stream.h:22) automatically.
INFO: [XFORM 203-602] Inlining function 'nnet::Op_max<ap_fixed<16, 6, (ap_q_mode)5, (ap_o_mode)3, 0> >::operator()' into 'nnet::reduce<ap_fixed<16, 6, (ap_q_mode)5, (ap_o_mode)3, 0>, 2, nnet::Op_max<ap_fixed<16, 6, (ap_q_mode)5, (ap_o_mode)3, 0> > >' (firmware/nnet_utils/nnet_common.h:53) automatically.
INFO: [XFORM 203-602] Inlining function 'nnet::reduce<ap_fixed<16, 6, (ap_q_mode)5, (ap_o_mode)3, 0>, 2, nnet::Op_max<ap_fixed<16, 6, (ap_q_mode)5, (ap_o_mode)3, 0> > >' into 'nnet::reduce<ap_fixed<16, 6, (ap_q_mode)5, (ap_o_mode)3, 0>, 4, nnet::Op_max<ap_fixed<16, 6, (ap_q_mode)5, (ap_o_mode)3, 0> > >' (firmware/nnet_utils/nnet_common.h:55) automatically.
INFO: [XFORM 203-602] Inlining function 'nnet::Op_max<ap_fixed<16, 6, (ap_q_mode)5, (ap_o_mode)3, 0> >::operator()' into 'nnet::reduce<ap_fixed<16, 6, (ap_q_mode)5, (ap_o_mode)3, 0>, 4, nnet::Op_max<ap_fixed<16, 6, (ap_q_mode)5, (ap_o_mode)3, 0> > >' (firmware/nnet_utils/nnet_common.h:55) automatically.
INFO: [XFORM 203-602] Inlining function 'nnet::Op_max<ap_fixed<16, 6, (ap_q_mode)5, (ap_o_mode)3, 0> >::operator()' into 'nnet::reduce<ap_fixed<16, 6, (ap_q_mode)5, (ap_o_mode)3, 0>, 8, nnet::Op_max<ap_fixed<16, 6, (ap_q_mode)5, (ap_o_mode)3, 0> > >' (firmware/nnet_utils/nnet_common.h:55) automatically.
INFO: [XFORM 203-602] Inlining function 'nnet::reduce<ap_fixed<16, 6, (ap_q_mode)5, (ap_o_mode)3, 0>, 8, nnet::Op_max<ap_fixed<16, 6, (ap_q_mode)5, (ap_o_mode)3, 0> > >' into 'nnet::reduce<ap_fixed<16, 6, (ap_q_mode)5, (ap_o_mode)3, 0>, 10, nnet::Op_max<ap_fixed<16, 6, (ap_q_mode)5, (ap_o_mode)3, 0> > >' (firmware/nnet_utils/nnet_common.h:55) automatically.
INFO: [XFORM 203-602] Inlining function 'nnet::reduce<ap_fixed<16, 6, (ap_q_mode)5, (ap_o_mode)3, 0>, 2, nnet::Op_max<ap_fixed<16, 6, (ap_q_mode)5, (ap_o_mode)3, 0> > >' into 'nnet::reduce<ap_fixed<16, 6, (ap_q_mode)5, (ap_o_mode)3, 0>, 10, nnet::Op_max<ap_fixed<16, 6, (ap_q_mode)5, (ap_o_mode)3, 0> > >' (firmware/nnet_utils/nnet_common.h:55) automatically.
INFO: [XFORM 203-602] Inlining function 'nnet::Op_max<ap_fixed<16, 6, (ap_q_mode)5, (ap_o_mode)3, 0> >::operator()' into 'nnet::reduce<ap_fixed<16, 6, (ap_q_mode)5, (ap_o_mode)3, 0>, 10, nnet::Op_max<ap_fixed<16, 6, (ap_q_mode)5, (ap_o_mode)3, 0> > >' (firmware/nnet_utils/nnet_common.h:55) automatically.
INFO: [XFORM 203-602] Inlining function 'nnet::Op_add<ap_fixed<18, 8, (ap_q_mode)5, (ap_o_mode)3, 0> >::operator()' into 'nnet::reduce<ap_fixed<18, 8, (ap_q_mode)5, (ap_o_mode)3, 0>, 2, nnet::Op_add<ap_fixed<18, 8, (ap_q_mode)5, (ap_o_mode)3, 0> > >' (firmware/nnet_utils/nnet_common.h:53) automatically.
INFO: [XFORM 203-602] Inlining function 'nnet::reduce<ap_fixed<18, 8, (ap_q_mode)5, (ap_o_mode)3, 0>, 2, nnet::Op_add<ap_fixed<18, 8, (ap_q_mode)5, (ap_o_mode)3, 0> > >' into 'nnet::reduce<ap_fixed<18, 8, (ap_q_mode)5, (ap_o_mode)3, 0>, 4, nnet::Op_add<ap_fixed<18, 8, (ap_q_mode)5, (ap_o_mode)3, 0> > >' (firmware/nnet_utils/nnet_common.h:55) automatically.
INFO: [XFORM 203-602] Inlining function 'nnet::Op_add<ap_fixed<18, 8, (ap_q_mode)5, (ap_o_mode)3, 0> >::operator()' into 'nnet::reduce<ap_fixed<18, 8, (ap_q_mode)5, (ap_o_mode)3, 0>, 4, nnet::Op_add<ap_fixed<18, 8, (ap_q_mode)5, (ap_o_mode)3, 0> > >' (firmware/nnet_utils/nnet_common.h:55) automatically.
INFO: [XFORM 203-602] Inlining function 'nnet::Op_add<ap_fixed<18, 8, (ap_q_mode)5, (ap_o_mode)3, 0> >::operator()' into 'nnet::reduce<ap_fixed<18, 8, (ap_q_mode)5, (ap_o_mode)3, 0>, 8, nnet::Op_add<ap_fixed<18, 8, (ap_q_mode)5, (ap_o_mode)3, 0> > >' (firmware/nnet_utils/nnet_common.h:55) automatically.
INFO: [XFORM 203-602] Inlining function 'nnet::reduce<ap_fixed<18, 8, (ap_q_mode)5, (ap_o_mode)3, 0>, 8, nnet::Op_add<ap_fixed<18, 8, (ap_q_mode)5, (ap_o_mode)3, 0> > >' into 'nnet::reduce<ap_fixed<18, 8, (ap_q_mode)5, (ap_o_mode)3, 0>, 10, nnet::Op_add<ap_fixed<18, 8, (ap_q_mode)5, (ap_o_mode)3, 0> > >' (firmware/nnet_utils/nnet_common.h:55) automatically.
INFO: [XFORM 203-602] Inlining function 'nnet::reduce<ap_fixed<18, 8, (ap_q_mode)5, (ap_o_mode)3, 0>, 2, nnet::Op_add<ap_fixed<18, 8, (ap_q_mode)5, (ap_o_mode)3, 0> > >' into 'nnet::reduce<ap_fixed<18, 8, (ap_q_mode)5, (ap_o_mode)3, 0>, 10, nnet::Op_add<ap_fixed<18, 8, (ap_q_mode)5, (ap_o_mode)3, 0> > >' (firmware/nnet_utils/nnet_common.h:55) automatically.
INFO: [XFORM 203-602] Inlining function 'nnet::Op_add<ap_fixed<18, 8, (ap_q_mode)5, (ap_o_mode)3, 0> >::operator()' into 'nnet::reduce<ap_fixed<18, 8, (ap_q_mode)5, (ap_o_mode)3, 0>, 10, nnet::Op_add<ap_fixed<18, 8, (ap_q_mode)5, (ap_o_mode)3, 0> > >' (firmware/nnet_utils/nnet_common.h:55) automatically.
INFO: [XFORM 203-602] Inlining function 'nnet::reduce<ap_fixed<16, 6, (ap_q_mode)5, (ap_o_mode)3, 0>, 10, nnet::Op_max<ap_fixed<16, 6, (ap_q_mode)5, (ap_o_mode)3, 0> > >' into 'nnet::softmax_stable<nnet::array<ap_fixed<16, 6, (ap_q_mode)5, (ap_o_mode)3, 0>, 10u>, nnet::array<ap_fixed<16, 6, (ap_q_mode)5, (ap_o_mode)3, 0>, 10u>, softmax_config6>' (firmware/nnet_utils/nnet_activation_stream.h:214) automatically.
INFO: [XFORM 203-602] Inlining function 'nnet::softmax_idx_from_real_val<ap_fixed<16, 6, (ap_q_mode)5, (ap_o_mode)3, 0>, softmax_config6>' into 'nnet::softmax_stable<nnet::array<ap_fixed<16, 6, (ap_q_mode)5, (ap_o_mode)3, 0>, 10u>, nnet::array<ap_fixed<16, 6, (ap_q_mode)5, (ap_o_mode)3, 0>, 10u>, softmax_config6>' (firmware/nnet_utils/nnet_activation_stream.h:229) automatically.
INFO: [XFORM 203-602] Inlining function 'nnet::reduce<ap_fixed<18, 8, (ap_q_mode)5, (ap_o_mode)3, 0>, 10, nnet::Op_add<ap_fixed<18, 8, (ap_q_mode)5, (ap_o_mode)3, 0> > >' into 'nnet::softmax_stable<nnet::array<ap_fixed<16, 6, (ap_q_mode)5, (ap_o_mode)3, 0>, 10u>, nnet::array<ap_fixed<16, 6, (ap_q_mode)5, (ap_o_mode)3, 0>, 10u>, softmax_config6>' (firmware/nnet_utils/nnet_activation_stream.h:236) automatically.
INFO: [XFORM 203-602] Inlining function 'nnet::softmax_idx_from_real_val<ap_fixed<18, 8, (ap_q_mode)5, (ap_o_mode)3, 0>, softmax_config6>' into 'nnet::softmax_stable<nnet::array<ap_fixed<16, 6, (ap_q_mode)5, (ap_o_mode)3, 0>, 10u>, nnet::array<ap_fixed<16, 6, (ap_q_mode)5, (ap_o_mode)3, 0>, 10u>, softmax_config6>' (firmware/nnet_utils/nnet_activation_stream.h:238) automatically.
INFO: [HLS 200-111] Finished Checking Synthesizability Time (s): cpu = 00:00:36 ; elapsed = 00:00:38 . Memory (MB): peak = 959.918 ; gain = 528.461 ; free physical = 8097 ; free virtual = 10621
INFO: [XFORM 203-1101] Packing variable 'out_pack.data.V' (firmware/nnet_utils/nnet_activation_stream.h:240) into a 160-bit variable.
INFO: [XFORM 203-1101] Packing variable 'out_data.data.V' (firmware/nnet_utils/nnet_activation_stream.h:64) into a 32-bit variable.
INFO: [XFORM 203-1101] Packing variable 'res_pack.data.V' (firmware/nnet_utils/nnet_dense_stream.h:58) into a 160-bit variable.
INFO: [XFORM 203-1101] Packing variable 'res_pack.data.V' (firmware/nnet_utils/nnet_conv_stream.h:265) into a 32-bit variable.
INFO: [XFORM 203-502] Unrolling all loops for pipelining in function 'nnet::softmax_stable<nnet::array<ap_fixed<16, 6, (ap_q_mode)5, (ap_o_mode)3, 0>, 10u>, nnet::array<ap_fixed<16, 6, (ap_q_mode)5, (ap_o_mode)3, 0>, 10u>, softmax_config6>' (firmware/nnet_utils/nnet_activation_stream.h:201:59).
INFO: [XFORM 203-502] Unrolling all sub-loops inside loop 'ReLUActLoop' (firmware/nnet_utils/nnet_activation_stream.h:60) in function 'nnet::relu<nnet::array<ap_fixed<16, 6, (ap_q_mode)5, (ap_o_mode)3, 0>, 2u>, nnet::array<ap_fixed<16, 6, (ap_q_mode)5, (ap_o_mode)3, 0>, 2u>, relu_config3>' for pipelining.
INFO: [XFORM 203-502] Unrolling all sub-loops inside loop 'DataPrepare' (firmware/nnet_utils/nnet_dense_stream.h:41) in function 'nnet::dense<nnet::array<ap_fixed<16, 6, (ap_q_mode)5, (ap_o_mode)3, 0>, 2u>, nnet::array<ap_fixed<16, 6, (ap_q_mode)5, (ap_o_mode)3, 0>, 10u>, config5>' for pipelining.
INFO: [XFORM 203-502] Unrolling all sub-loops inside loop 'ReadInputWidth' (firmware/nnet_utils/nnet_conv2d_stream.h:79) in function 'nnet::conv_2d_cl<nnet::array<ap_fixed<16, 6, (ap_q_mode)5, (ap_o_mode)3, 0>, 1u>, nnet::array<ap_fixed<16, 6, (ap_q_mode)5, (ap_o_mode)3, 0>, 2u>, config2>' for pipelining.
INFO: [XFORM 203-502] Unrolling all loops for pipelining in function 'nnet::dense_wrapper<ap_fixed<16, 6, (ap_q_mode)5, (ap_o_mode)3, 0>, ap_fixed<16, 6, (ap_q_mode)5, (ap_o_mode)3, 0>, config5>' (firmware/nnet_utils/nnet_dense_latency.h:20:55).
INFO: [XFORM 203-502] Unrolling all loops for pipelining in function 'nnet::shift_line_buffer<nnet::array<ap_fixed<16, 6, (ap_q_mode)5, (ap_o_mode)3, 0>, 1u>, config2>' (firmware/nnet_utils/nnet_conv_stream.h:188:75).
WARNING: [XFORM 203-505] Ignored pipeline directive for loop 'KernelShiftWidth' (firmware/nnet_utils/nnet_conv_stream.h:188) because its parent loop or function is pipelined.
INFO: [HLS 200-489] Unrolling loop 'SoftmaxArrayPackLoop' (firmware/nnet_utils/nnet_activation_stream.h:207) in function 'nnet::softmax_stable<nnet::array<ap_fixed<16, 6, (ap_q_mode)5, (ap_o_mode)3, 0>, 10u>, nnet::array<ap_fixed<16, 6, (ap_q_mode)5, (ap_o_mode)3, 0>, 10u>, softmax_config6>' completely with a factor of 10.
INFO: [HLS 200-489] Unrolling loop 'Loop-2' (firmware/nnet_utils/nnet_activation_stream.h:218) in function 'nnet::softmax_stable<nnet::array<ap_fixed<16, 6, (ap_q_mode)5, (ap_o_mode)3, 0>, 10u>, nnet::array<ap_fixed<16, 6, (ap_q_mode)5, (ap_o_mode)3, 0>, 10u>, softmax_config6>' completely with a factor of 10.
INFO: [HLS 200-489] Unrolling loop 'Loop-3' (firmware/nnet_utils/nnet_activation_stream.h:227) in function 'nnet::softmax_stable<nnet::array<ap_fixed<16, 6, (ap_q_mode)5, (ap_o_mode)3, 0>, 10u>, nnet::array<ap_fixed<16, 6, (ap_q_mode)5, (ap_o_mode)3, 0>, 10u>, softmax_config6>' completely with a factor of 10.
INFO: [HLS 200-489] Unrolling loop 'SoftmaxInvPackLoop' (firmware/nnet_utils/nnet_activation_stream.h:242) in function 'nnet::softmax_stable<nnet::array<ap_fixed<16, 6, (ap_q_mode)5, (ap_o_mode)3, 0>, 10u>, nnet::array<ap_fixed<16, 6, (ap_q_mode)5, (ap_o_mode)3, 0>, 10u>, softmax_config6>' completely with a factor of 10.
INFO: [HLS 200-489] Unrolling loop 'ReLUPackLoop' (firmware/nnet_utils/nnet_activation_stream.h:67) in function 'nnet::relu<nnet::array<ap_fixed<16, 6, (ap_q_mode)5, (ap_o_mode)3, 0>, 2u>, nnet::array<ap_fixed<16, 6, (ap_q_mode)5, (ap_o_mode)3, 0>, 2u>, relu_config3>' completely with a factor of 2.
INFO: [HLS 200-489] Unrolling loop 'DataPack' (firmware/nnet_utils/nnet_dense_stream.h:46) in function 'nnet::dense<nnet::array<ap_fixed<16, 6, (ap_q_mode)5, (ap_o_mode)3, 0>, 2u>, nnet::array<ap_fixed<16, 6, (ap_q_mode)5, (ap_o_mode)3, 0>, 10u>, config5>' completely with a factor of 2.
INFO: [HLS 200-489] Unrolling loop 'ResPack' (firmware/nnet_utils/nnet_dense_stream.h:60) in function 'nnet::dense<nnet::array<ap_fixed<16, 6, (ap_q_mode)5, (ap_o_mode)3, 0>, 2u>, nnet::array<ap_fixed<16, 6, (ap_q_mode)5, (ap_o_mode)3, 0>, 10u>, config5>' completely with a factor of 10.
INFO: [HLS 200-489] Unrolling loop 'Product1' (firmware/nnet_utils/nnet_dense_latency.h:85) in function 'nnet::conv_2d_cl<nnet::array<ap_fixed<16, 6, (ap_q_mode)5, (ap_o_mode)3, 0>, 1u>, nnet::array<ap_fixed<16, 6, (ap_q_mode)5, (ap_o_mode)3, 0>, 2u>, config2>' completely with a factor of 9.
INFO: [HLS 200-489] Unrolling loop 'Product2' (firmware/nnet_utils/nnet_dense_latency.h:90) in function 'nnet::conv_2d_cl<nnet::array<ap_fixed<16, 6, (ap_q_mode)5, (ap_o_mode)3, 0>, 1u>, nnet::array<ap_fixed<16, 6, (ap_q_mode)5, (ap_o_mode)3, 0>, 2u>, config2>' completely with a factor of 2.
INFO: [HLS 200-489] Unrolling loop 'ResetAccum' (firmware/nnet_utils/nnet_dense_latency.h:101) in function 'nnet::conv_2d_cl<nnet::array<ap_fixed<16, 6, (ap_q_mode)5, (ap_o_mode)3, 0>, 1u>, nnet::array<ap_fixed<16, 6, (ap_q_mode)5, (ap_o_mode)3, 0>, 2u>, config2>' completely with a factor of 2.
INFO: [HLS 200-489] Unrolling loop 'Accum1' (firmware/nnet_utils/nnet_dense_latency.h:109) in function 'nnet::conv_2d_cl<nnet::array<ap_fixed<16, 6, (ap_q_mode)5, (ap_o_mode)3, 0>, 1u>, nnet::array<ap_fixed<16, 6, (ap_q_mode)5, (ap_o_mode)3, 0>, 2u>, config2>' completely with a factor of 9.
INFO: [HLS 200-489] Unrolling loop 'Accum2' (firmware/nnet_utils/nnet_dense_latency.h:113) in function 'nnet::conv_2d_cl<nnet::array<ap_fixed<16, 6, (ap_q_mode)5, (ap_o_mode)3, 0>, 1u>, nnet::array<ap_fixed<16, 6, (ap_q_mode)5, (ap_o_mode)3, 0>, 2u>, config2>' completely with a factor of 2.
INFO: [HLS 200-489] Unrolling loop 'Result' (firmware/nnet_utils/nnet_dense_latency.h:120) in function 'nnet::conv_2d_cl<nnet::array<ap_fixed<16, 6, (ap_q_mode)5, (ap_o_mode)3, 0>, 1u>, nnet::array<ap_fixed<16, 6, (ap_q_mode)5, (ap_o_mode)3, 0>, 2u>, config2>' completely with a factor of 2.
INFO: [HLS 200-489] Unrolling loop 'CastLoop' (firmware/nnet_utils/nnet_conv_stream.h:283) in function 'nnet::conv_2d_cl<nnet::array<ap_fixed<16, 6, (ap_q_mode)5, (ap_o_mode)3, 0>, 1u>, nnet::array<ap_fixed<16, 6, (ap_q_mode)5, (ap_o_mode)3, 0>, 2u>, config2>' completely with a factor of 2.
INFO: [HLS 200-489] Unrolling loop 'Product1' (firmware/nnet_utils/nnet_dense_latency.h:85) in function 'nnet::dense_wrapper<ap_fixed<16, 6, (ap_q_mode)5, (ap_o_mode)3, 0>, ap_fixed<16, 6, (ap_q_mode)5, (ap_o_mode)3, 0>, config5>' completely with a factor of 128.
INFO: [HLS 200-489] Unrolling loop 'Product2' (firmware/nnet_utils/nnet_dense_latency.h:90) in function 'nnet::dense_wrapper<ap_fixed<16, 6, (ap_q_mode)5, (ap_o_mode)3, 0>, ap_fixed<16, 6, (ap_q_mode)5, (ap_o_mode)3, 0>, config5>' completely with a factor of 10.
INFO: [HLS 200-489] Unrolling loop 'ResetAccum' (firmware/nnet_utils/nnet_dense_latency.h:101) in function 'nnet::dense_wrapper<ap_fixed<16, 6, (ap_q_mode)5, (ap_o_mode)3, 0>, ap_fixed<16, 6, (ap_q_mode)5, (ap_o_mode)3, 0>, config5>' completely with a factor of 10.
INFO: [HLS 200-489] Unrolling loop 'Accum1' (firmware/nnet_utils/nnet_dense_latency.h:109) in function 'nnet::dense_wrapper<ap_fixed<16, 6, (ap_q_mode)5, (ap_o_mode)3, 0>, ap_fixed<16, 6, (ap_q_mode)5, (ap_o_mode)3, 0>, config5>' completely with a factor of 128.
INFO: [HLS 200-489] Unrolling loop 'Accum2' (firmware/nnet_utils/nnet_dense_latency.h:113) in function 'nnet::dense_wrapper<ap_fixed<16, 6, (ap_q_mode)5, (ap_o_mode)3, 0>, ap_fixed<16, 6, (ap_q_mode)5, (ap_o_mode)3, 0>, config5>' completely with a factor of 10.
INFO: [HLS 200-489] Unrolling loop 'Result' (firmware/nnet_utils/nnet_dense_latency.h:120) in function 'nnet::dense_wrapper<ap_fixed<16, 6, (ap_q_mode)5, (ap_o_mode)3, 0>, ap_fixed<16, 6, (ap_q_mode)5, (ap_o_mode)3, 0>, config5>' completely with a factor of 10.
INFO: [HLS 200-489] Unrolling loop 'LineBufferShift' (firmware/nnet_utils/nnet_conv_stream.h:229) in function 'nnet::shift_line_buffer<nnet::array<ap_fixed<16, 6, (ap_q_mode)5, (ap_o_mode)3, 0>, 1u>, config2>' completely with a factor of 2.
INFO: [HLS 200-489] Unrolling loop 'KernelShiftWidth' (firmware/nnet_utils/nnet_conv_stream.h:188) in function 'nnet::shift_line_buffer<nnet::array<ap_fixed<16, 6, (ap_q_mode)5, (ap_o_mode)3, 0>, 1u>, config2>' completely with a factor of 2.
INFO: [HLS 200-489] Unrolling loop 'KernelShiftHeight' (firmware/nnet_utils/nnet_conv_stream.h:190) in function 'nnet::shift_line_buffer<nnet::array<ap_fixed<16, 6, (ap_q_mode)5, (ap_o_mode)3, 0>, 1u>, config2>' completely with a factor of 3.
INFO: [HLS 200-489] Unrolling loop 'KernelPushHeight' (firmware/nnet_utils/nnet_conv_stream.h:200) in function 'nnet::shift_line_buffer<nnet::array<ap_fixed<16, 6, (ap_q_mode)5, (ap_o_mode)3, 0>, 1u>, config2>' completely with a factor of 3.
INFO: [XFORM 203-102] Partitioning array 'd_xi_xmax.V' (firmware/nnet_utils/nnet_activation_stream.h:217) automatically.
INFO: [XFORM 203-102] Automatically partitioning shift register array 'line_buffer.Array.V' .
INFO: [XFORM 203-102] Automatically partitioning streamed array 'conv2d_1_input.V.data.V' (firmware/myproject.cpp:25) .
INFO: [XFORM 203-102] Automatically partitioning streamed array 'layer7_out.V.data.V' (firmware/myproject.cpp:56) .
INFO: [XFORM 203-102] Automatically partitioning streamed array 'layer5_out.V.data.V' (firmware/myproject.cpp:68) .
INFO: [XFORM 203-102] Automatically partitioning streamed array 'layer6_out.V.data.V' (firmware/myproject.cpp:26) .
INFO: [XFORM 203-102] Automatically partitioning streamed array 'layer2_out.V.data.V' (firmware/myproject.cpp:60) .
INFO: [XFORM 203-102] Automatically partitioning streamed array 'layer3_out.V.data.V' (firmware/myproject.cpp:64) .
INFO: [XFORM 203-101] Partitioning array 'data_array.V' (firmware/nnet_utils/nnet_activation_stream.h:201) in dimension 1 completely.
INFO: [XFORM 203-101] Partitioning array 'tmp.data.V' in dimension 1 completely.
INFO: [XFORM 203-101] Partitioning array 'exp_res.V' (firmware/nnet_utils/nnet_activation_stream.h:224) in dimension 1 completely.
WARNING: [XFORM 203-104] Completely partitioning array 'data.V' (firmware/nnet_utils/nnet_dense_stream.h:35) accessed through non-constant indices on dimension 1 (firmware/nnet_utils/nnet_dense_stream.h:48:39), which may result in long runtime and suboptimal QoR due to large multiplexers. Please consider wrapping the array access into a function or using a register file core instead.
INFO: [XFORM 203-101] Partitioning array 'data.V' (firmware/nnet_utils/nnet_dense_stream.h:35) in dimension 1 completely.
INFO: [XFORM 203-101] Partitioning array 'res'  in dimension 1 completely.
INFO: [XFORM 203-101] Partitioning array 'line_buffer.Array.V' in dimension 1 completely.
INFO: [XFORM 203-101] Partitioning array 'kernel_data.V'  in dimension 1 completely.
INFO: [XFORM 203-101] Partitioning array 'res_out.V' (firmware/nnet_utils/nnet_conv_stream.h:262) in dimension 1 completely.
INFO: [XFORM 203-101] Partitioning array 'b2.V'  in dimension 1 completely.
INFO: [XFORM 203-101] Partitioning array 'mult.V' (firmware/nnet_utils/nnet_dense_latency.h:39) in dimension 1 completely.
INFO: [XFORM 203-101] Partitioning array 'acc.V' (firmware/nnet_utils/nnet_dense_latency.h:40) in dimension 1 completely.
INFO: [XFORM 203-101] Partitioning array 'b5.V'  in dimension 1 completely.
INFO: [XFORM 203-101] Partitioning array 'mult.V' (firmware/nnet_utils/nnet_dense_latency.h:39) in dimension 1 completely.
INFO: [XFORM 203-101] Partitioning array 'acc.V' (firmware/nnet_utils/nnet_dense_latency.h:40) in dimension 1 completely.
INFO: [XFORM 203-101] Partitioning array 'shift_buffer.V' (firmware/nnet_utils/nnet_conv_stream.h:217) in dimension 1 completely.
INFO: [XFORM 203-101] Partitioning array 'conv2d_1_input.V.data.V' (firmware/myproject.cpp:25) in dimension 1 completely.
INFO: [XFORM 203-101] Partitioning array 'layer7_out.V.data.V' (firmware/myproject.cpp:56) in dimension 1 completely.
INFO: [XFORM 203-101] Partitioning array 'layer5_out.V.data.V' (firmware/myproject.cpp:68) in dimension 1 completely.
INFO: [XFORM 203-101] Partitioning array 'layer6_out.V.data.V' (firmware/myproject.cpp:26) in dimension 1 completely.
INFO: [XFORM 203-101] Partitioning array 'layer2_out.V.data.V' (firmware/myproject.cpp:60) in dimension 1 completely.
INFO: [XFORM 203-101] Partitioning array 'layer3_out.V.data.V' (firmware/myproject.cpp:64) in dimension 1 completely.
INFO: [XFORM 203-101] Partitioning array 'line_buffer.Array.V'  in dimension 2 completely.
INFO: [XFORM 203-101] Partitioning array 'shift_buffer.V' (firmware/nnet_utils/nnet_conv_stream.h:217) in dimension 2 completely.
INFO: [XFORM 203-602] Inlining function 'fp_struct<double>::mantissa' into 'generic_cast_IEEE754<int, (ap_q_mode)6, double>' (/wrk/2019.2/continuous/2019_11_06_2708876/src/products/hls/hls_lib/hlsmath/include/FloatingPoint/hls_case_IEEE754.h:15) automatically.
INFO: [XFORM 203-602] Inlining function 'fp_struct<double>::expv' into 'generic_cast_IEEE754<int, (ap_q_mode)6, double>' (/wrk/2019.2/continuous/2019_11_06_2708876/src/products/hls/hls_lib/hlsmath/include/FloatingPoint/hls_case_IEEE754.h:18) automatically.
INFO: [XFORM 203-602] Inlining function 'fp_struct<double>::__signbit' into 'generic_cast_IEEE754<int, (ap_q_mode)6, double>' (/wrk/2019.2/continuous/2019_11_06_2708876/src/products/hls/hls_lib/hlsmath/include/FloatingPoint/hls_case_IEEE754.h:59) automatically.
INFO: [XFORM 203-602] Inlining function 'generic_cast_IEEE754<int, (ap_q_mode)6, double>' into 'generic_cast_IEEE754<int, double>' (/wrk/2019.2/continuous/2019_11_06_2708876/src/products/hls/hls_lib/hlsmath/include/FloatingPoint/hls_case_IEEE754.h:117) automatically.
INFO: [XFORM 203-602] Inlining function 'generic_cast_IEEE754<int, double>' into '__hls_fptosi_double_i32' (/wrk/2019.2/continuous/2019_11_06_2708876/src/products/hls/hls_lib/hlsmath/src/lib_floatconversion.cpp:55) automatically.
INFO: [XFORM 203-602] Inlining function '__hls_fptosi_double_i32' into 'nnet::conv_2d_cl<nnet::array<ap_fixed<16, 6, (ap_q_mode)5, (ap_o_mode)3, 0>, 1u>, nnet::array<ap_fixed<16, 6, (ap_q_mode)5, (ap_o_mode)3, 0>, 2u>, config2>' (firmware/nnet_utils/nnet_dense_latency.h:56->firmware/nnet_utils/nnet_conv_stream.h:277->firmware/nnet_utils/nnet_conv2d_stream.h:85->firmware/nnet_utils/nnet_conv2d_stream.h:103) automatically.
INFO: [XFORM 203-602] Inlining function 'nnet::cast<ap_fixed<16, 6, (ap_q_mode)5, (ap_o_mode)3, 0>, ap_fixed<16, 6, (ap_q_mode)5, (ap_o_mode)3, 0>, config2_mult>' into 'nnet::conv_2d_cl<nnet::array<ap_fixed<16, 6, (ap_q_mode)5, (ap_o_mode)3, 0>, 1u>, nnet::array<ap_fixed<16, 6, (ap_q_mode)5, (ap_o_mode)3, 0>, 2u>, config2>' (firmware/nnet_utils/nnet_dense_latency.h:125->firmware/nnet_utils/nnet_conv_stream.h:277->firmware/nnet_utils/nnet_conv2d_stream.h:85->firmware/nnet_utils/nnet_conv2d_stream.h:103) automatically.
INFO: [XFORM 203-602] Inlining function '__hls_fptosi_double_i32' into 'nnet::dense_wrapper<ap_fixed<16, 6, (ap_q_mode)5, (ap_o_mode)3, 0>, ap_fixed<16, 6, (ap_q_mode)5, (ap_o_mode)3, 0>, config5>' (firmware/nnet_utils/nnet_dense_latency.h:56->firmware/nnet_utils/nnet_dense_stream.h:22) automatically.
INFO: [XFORM 203-602] Inlining function 'nnet::cast<ap_fixed<16, 6, (ap_q_mode)5, (ap_o_mode)3, 0>, ap_fixed<16, 6, (ap_q_mode)5, (ap_o_mode)3, 0>, config5>' into 'nnet::dense_wrapper<ap_fixed<16, 6, (ap_q_mode)5, (ap_o_mode)3, 0>, ap_fixed<16, 6, (ap_q_mode)5, (ap_o_mode)3, 0>, config5>' (firmware/nnet_utils/nnet_dense_latency.h:125->firmware/nnet_utils/nnet_dense_stream.h:22) automatically.
INFO: [XFORM 203-602] Inlining function 'nnet::Op_max<ap_fixed<16, 6, (ap_q_mode)5, (ap_o_mode)3, 0> >::operator()' into 'nnet::reduce<ap_fixed<16, 6, (ap_q_mode)5, (ap_o_mode)3, 0>, 2, nnet::Op_max<ap_fixed<16, 6, (ap_q_mode)5, (ap_o_mode)3, 0> > >' (firmware/nnet_utils/nnet_common.h:53) automatically.
INFO: [XFORM 203-602] Inlining function 'nnet::reduce<ap_fixed<16, 6, (ap_q_mode)5, (ap_o_mode)3, 0>, 2, nnet::Op_max<ap_fixed<16, 6, (ap_q_mode)5, (ap_o_mode)3, 0> > >' into 'nnet::reduce<ap_fixed<16, 6, (ap_q_mode)5, (ap_o_mode)3, 0>, 4, nnet::Op_max<ap_fixed<16, 6, (ap_q_mode)5, (ap_o_mode)3, 0> > >' (firmware/nnet_utils/nnet_common.h:55) automatically.
INFO: [XFORM 203-602] Inlining function 'nnet::Op_max<ap_fixed<16, 6, (ap_q_mode)5, (ap_o_mode)3, 0> >::operator()' into 'nnet::reduce<ap_fixed<16, 6, (ap_q_mode)5, (ap_o_mode)3, 0>, 4, nnet::Op_max<ap_fixed<16, 6, (ap_q_mode)5, (ap_o_mode)3, 0> > >' (firmware/nnet_utils/nnet_common.h:55) automatically.
INFO: [XFORM 203-602] Inlining function 'nnet::reduce<ap_fixed<16, 6, (ap_q_mode)5, (ap_o_mode)3, 0>, 4, nnet::Op_max<ap_fixed<16, 6, (ap_q_mode)5, (ap_o_mode)3, 0> > >' into 'nnet::reduce<ap_fixed<16, 6, (ap_q_mode)5, (ap_o_mode)3, 0>, 8, nnet::Op_max<ap_fixed<16, 6, (ap_q_mode)5, (ap_o_mode)3, 0> > >' (firmware/nnet_utils/nnet_common.h:55) automatically.
INFO: [XFORM 203-602] Inlining function 'nnet::Op_max<ap_fixed<16, 6, (ap_q_mode)5, (ap_o_mode)3, 0> >::operator()' into 'nnet::reduce<ap_fixed<16, 6, (ap_q_mode)5, (ap_o_mode)3, 0>, 8, nnet::Op_max<ap_fixed<16, 6, (ap_q_mode)5, (ap_o_mode)3, 0> > >' (firmware/nnet_utils/nnet_common.h:55) automatically.
INFO: [XFORM 203-602] Inlining function 'nnet::reduce<ap_fixed<16, 6, (ap_q_mode)5, (ap_o_mode)3, 0>, 8, nnet::Op_max<ap_fixed<16, 6, (ap_q_mode)5, (ap_o_mode)3, 0> > >' into 'nnet::reduce<ap_fixed<16, 6, (ap_q_mode)5, (ap_o_mode)3, 0>, 10, nnet::Op_max<ap_fixed<16, 6, (ap_q_mode)5, (ap_o_mode)3, 0> > >' (firmware/nnet_utils/nnet_common.h:55) automatically.
INFO: [XFORM 203-602] Inlining function 'nnet::reduce<ap_fixed<16, 6, (ap_q_mode)5, (ap_o_mode)3, 0>, 2, nnet::Op_max<ap_fixed<16, 6, (ap_q_mode)5, (ap_o_mode)3, 0> > >' into 'nnet::reduce<ap_fixed<16, 6, (ap_q_mode)5, (ap_o_mode)3, 0>, 10, nnet::Op_max<ap_fixed<16, 6, (ap_q_mode)5, (ap_o_mode)3, 0> > >' (firmware/nnet_utils/nnet_common.h:55) automatically.
INFO: [XFORM 203-602] Inlining function 'nnet::Op_max<ap_fixed<16, 6, (ap_q_mode)5, (ap_o_mode)3, 0> >::operator()' into 'nnet::reduce<ap_fixed<16, 6, (ap_q_mode)5, (ap_o_mode)3, 0>, 10, nnet::Op_max<ap_fixed<16, 6, (ap_q_mode)5, (ap_o_mode)3, 0> > >' (firmware/nnet_utils/nnet_common.h:55) automatically.
INFO: [XFORM 203-602] Inlining function 'nnet::Op_add<ap_fixed<18, 8, (ap_q_mode)5, (ap_o_mode)3, 0> >::operator()' into 'nnet::reduce<ap_fixed<18, 8, (ap_q_mode)5, (ap_o_mode)3, 0>, 2, nnet::Op_add<ap_fixed<18, 8, (ap_q_mode)5, (ap_o_mode)3, 0> > >' (firmware/nnet_utils/nnet_common.h:53) automatically.
INFO: [XFORM 203-602] Inlining function 'nnet::reduce<ap_fixed<18, 8, (ap_q_mode)5, (ap_o_mode)3, 0>, 2, nnet::Op_add<ap_fixed<18, 8, (ap_q_mode)5, (ap_o_mode)3, 0> > >' into 'nnet::reduce<ap_fixed<18, 8, (ap_q_mode)5, (ap_o_mode)3, 0>, 4, nnet::Op_add<ap_fixed<18, 8, (ap_q_mode)5, (ap_o_mode)3, 0> > >' (firmware/nnet_utils/nnet_common.h:55) automatically.
INFO: [XFORM 203-602] Inlining function 'nnet::Op_add<ap_fixed<18, 8, (ap_q_mode)5, (ap_o_mode)3, 0> >::operator()' into 'nnet::reduce<ap_fixed<18, 8, (ap_q_mode)5, (ap_o_mode)3, 0>, 4, nnet::Op_add<ap_fixed<18, 8, (ap_q_mode)5, (ap_o_mode)3, 0> > >' (firmware/nnet_utils/nnet_common.h:55) automatically.
INFO: [XFORM 203-602] Inlining function 'nnet::reduce<ap_fixed<18, 8, (ap_q_mode)5, (ap_o_mode)3, 0>, 4, nnet::Op_add<ap_fixed<18, 8, (ap_q_mode)5, (ap_o_mode)3, 0> > >' into 'nnet::reduce<ap_fixed<18, 8, (ap_q_mode)5, (ap_o_mode)3, 0>, 8, nnet::Op_add<ap_fixed<18, 8, (ap_q_mode)5, (ap_o_mode)3, 0> > >' (firmware/nnet_utils/nnet_common.h:55) automatically.
INFO: [XFORM 203-602] Inlining function 'nnet::Op_add<ap_fixed<18, 8, (ap_q_mode)5, (ap_o_mode)3, 0> >::operator()' into 'nnet::reduce<ap_fixed<18, 8, (ap_q_mode)5, (ap_o_mode)3, 0>, 8, nnet::Op_add<ap_fixed<18, 8, (ap_q_mode)5, (ap_o_mode)3, 0> > >' (firmware/nnet_utils/nnet_common.h:55) automatically.
INFO: [XFORM 203-602] Inlining function 'nnet::reduce<ap_fixed<18, 8, (ap_q_mode)5, (ap_o_mode)3, 0>, 8, nnet::Op_add<ap_fixed<18, 8, (ap_q_mode)5, (ap_o_mode)3, 0> > >' into 'nnet::reduce<ap_fixed<18, 8, (ap_q_mode)5, (ap_o_mode)3, 0>, 10, nnet::Op_add<ap_fixed<18, 8, (ap_q_mode)5, (ap_o_mode)3, 0> > >' (firmware/nnet_utils/nnet_common.h:55) automatically.
INFO: [XFORM 203-602] Inlining function 'nnet::reduce<ap_fixed<18, 8, (ap_q_mode)5, (ap_o_mode)3, 0>, 2, nnet::Op_add<ap_fixed<18, 8, (ap_q_mode)5, (ap_o_mode)3, 0> > >' into 'nnet::reduce<ap_fixed<18, 8, (ap_q_mode)5, (ap_o_mode)3, 0>, 10, nnet::Op_add<ap_fixed<18, 8, (ap_q_mode)5, (ap_o_mode)3, 0> > >' (firmware/nnet_utils/nnet_common.h:55) automatically.
INFO: [XFORM 203-602] Inlining function 'nnet::Op_add<ap_fixed<18, 8, (ap_q_mode)5, (ap_o_mode)3, 0> >::operator()' into 'nnet::reduce<ap_fixed<18, 8, (ap_q_mode)5, (ap_o_mode)3, 0>, 10, nnet::Op_add<ap_fixed<18, 8, (ap_q_mode)5, (ap_o_mode)3, 0> > >' (firmware/nnet_utils/nnet_common.h:55) automatically.
INFO: [XFORM 203-602] Inlining function 'nnet::reduce<ap_fixed<16, 6, (ap_q_mode)5, (ap_o_mode)3, 0>, 10, nnet::Op_max<ap_fixed<16, 6, (ap_q_mode)5, (ap_o_mode)3, 0> > >' into 'nnet::softmax_stable<nnet::array<ap_fixed<16, 6, (ap_q_mode)5, (ap_o_mode)3, 0>, 10u>, nnet::array<ap_fixed<16, 6, (ap_q_mode)5, (ap_o_mode)3, 0>, 10u>, softmax_config6>' (firmware/nnet_utils/nnet_activation_stream.h:214) automatically.
INFO: [XFORM 203-602] Inlining function 'nnet::softmax_idx_from_real_val<ap_fixed<16, 6, (ap_q_mode)5, (ap_o_mode)3, 0>, softmax_config6>' into 'nnet::softmax_stable<nnet::array<ap_fixed<16, 6, (ap_q_mode)5, (ap_o_mode)3, 0>, 10u>, nnet::array<ap_fixed<16, 6, (ap_q_mode)5, (ap_o_mode)3, 0>, 10u>, softmax_config6>' (firmware/nnet_utils/nnet_activation_stream.h:229) automatically.
INFO: [XFORM 203-602] Inlining function 'nnet::reduce<ap_fixed<18, 8, (ap_q_mode)5, (ap_o_mode)3, 0>, 10, nnet::Op_add<ap_fixed<18, 8, (ap_q_mode)5, (ap_o_mode)3, 0> > >' into 'nnet::softmax_stable<nnet::array<ap_fixed<16, 6, (ap_q_mode)5, (ap_o_mode)3, 0>, 10u>, nnet::array<ap_fixed<16, 6, (ap_q_mode)5, (ap_o_mode)3, 0>, 10u>, softmax_config6>' (firmware/nnet_utils/nnet_activation_stream.h:236) automatically.
INFO: [XFORM 203-602] Inlining function 'nnet::softmax_idx_from_real_val<ap_fixed<18, 8, (ap_q_mode)5, (ap_o_mode)3, 0>, softmax_config6>' into 'nnet::softmax_stable<nnet::array<ap_fixed<16, 6, (ap_q_mode)5, (ap_o_mode)3, 0>, 10u>, nnet::array<ap_fixed<16, 6, (ap_q_mode)5, (ap_o_mode)3, 0>, 10u>, softmax_config6>' (firmware/nnet_utils/nnet_activation_stream.h:238) automatically.
INFO: [XFORM 203-712] Applying dataflow to function 'myproject', detected/extracted 6 process function(s): 
	 'Block__proc'
	 'nnet::zeropad2d_cl<nnet::array<ap_fixed<16, 6, (ap_q_mode)5, (ap_o_mode)3, 0>, 1u>, nnet::array<ap_fixed<16, 6, (ap_q_mode)5, (ap_o_mode)3, 0>, 1u>, config7>'
	 'nnet::conv_2d_cl<nnet::array<ap_fixed<16, 6, (ap_q_mode)5, (ap_o_mode)3, 0>, 1u>, nnet::array<ap_fixed<16, 6, (ap_q_mode)5, (ap_o_mode)3, 0>, 2u>, config2>'
	 'nnet::relu<nnet::array<ap_fixed<16, 6, (ap_q_mode)5, (ap_o_mode)3, 0>, 2u>, nnet::array<ap_fixed<16, 6, (ap_q_mode)5, (ap_o_mode)3, 0>, 2u>, relu_config3>'
	 'nnet::dense<nnet::array<ap_fixed<16, 6, (ap_q_mode)5, (ap_o_mode)3, 0>, 2u>, nnet::array<ap_fixed<16, 6, (ap_q_mode)5, (ap_o_mode)3, 0>, 10u>, config5>'
	 'nnet::softmax<nnet::array<ap_fixed<16, 6, (ap_q_mode)5, (ap_o_mode)3, 0>, 10u>, nnet::array<ap_fixed<16, 6, (ap_q_mode)5, (ap_o_mode)3, 0>, 10u>, softmax_config6>'.
INFO: [XFORM 203-401] Performing if-conversion on hyperblock to (firmware/nnet_utils/nnet_activation_stream.h:249:1) in function 'nnet::softmax_stable<nnet::array<ap_fixed<16, 6, (ap_q_mode)5, (ap_o_mode)3, 0>, 10u>, nnet::array<ap_fixed<16, 6, (ap_q_mode)5, (ap_o_mode)3, 0>, 10u>, softmax_config6>'... converting 41 basic blocks.
INFO: [XFORM 203-401] Performing if-conversion on hyperblock from (firmware/nnet_utils/nnet_activation_stream.h:60:74) to (firmware/nnet_utils/nnet_activation_stream.h:60:68) in function 'nnet::relu<nnet::array<ap_fixed<16, 6, (ap_q_mode)5, (ap_o_mode)3, 0>, 2u>, nnet::array<ap_fixed<16, 6, (ap_q_mode)5, (ap_o_mode)3, 0>, 2u>, relu_config3>'... converting 7 basic blocks.
INFO: [XFORM 203-11] Balancing expressions in function 'nnet::softmax_stable<nnet::array<ap_fixed<16, 6, (ap_q_mode)5, (ap_o_mode)3, 0>, 10u>, nnet::array<ap_fixed<16, 6, (ap_q_mode)5, (ap_o_mode)3, 0>, 10u>, softmax_config6>' (firmware/nnet_utils/nnet_activation_stream.h:62:1)...9 expression(s) balanced.
INFO: [XFORM 203-11] Balancing expressions in function 'nnet::dense_wrapper<ap_fixed<16, 6, (ap_q_mode)5, (ap_o_mode)3, 0>, ap_fixed<16, 6, (ap_q_mode)5, (ap_o_mode)3, 0>, config5>' (firmware/nnet_utils/nnet_mult.h:20:9)...1278 expression(s) balanced.
INFO: [XFORM 203-11] Balancing expressions in function 'nnet::conv_2d_cl<nnet::array<ap_fixed<16, 6, (ap_q_mode)5, (ap_o_mode)3, 0>, 1u>, nnet::array<ap_fixed<16, 6, (ap_q_mode)5, (ap_o_mode)3, 0>, 2u>, config2>' (firmware/nnet_utils/nnet_conv_stream.h:45:5)...21 expression(s) balanced.
INFO: [HLS 200-111] Finished Pre-synthesis Time (s): cpu = 00:01:29 ; elapsed = 00:01:34 . Memory (MB): peak = 2746.516 ; gain = 2315.059 ; free physical = 7286 ; free virtual = 9817
INFO: [XFORM 203-541] Flattening a loop nest 'ReadInputHeight' (firmware/nnet_utils/nnet_conv2d_stream.h:78:80) in function 'nnet::conv_2d_cl<nnet::array<ap_fixed<16, 6, (ap_q_mode)5, (ap_o_mode)3, 0>, 1u>, nnet::array<ap_fixed<16, 6, (ap_q_mode)5, (ap_o_mode)3, 0>, 2u>, config2>'.
WARNING: [XFORM 203-631] Renaming function 'nnet::zeropad2d_cl<nnet::array<ap_fixed<16, 6, (ap_q_mode)5, (ap_o_mode)3, 0>, 1u>, nnet::array<ap_fixed<16, 6, (ap_q_mode)5, (ap_o_mode)3, 0>, 1u>, config7>' to 'zeropad2d_cl<array,array<ap_fixed,1u>,config7>' (firmware/nnet_utils/nnet_padding_stream.h:16:59)
WARNING: [XFORM 203-631] Renaming function 'nnet::softmax_stable<nnet::array<ap_fixed<16, 6, (ap_q_mode)5, (ap_o_mode)3, 0>, 10u>, nnet::array<ap_fixed<16, 6, (ap_q_mode)5, (ap_o_mode)3, 0>, 10u>, softmax_config6>' to 'softmax_stable<array,array<ap_fixed,10u>,softmax_config6>' (firmware/nnet_utils/nnet_activation_stream.h:62:1)
WARNING: [XFORM 203-631] Renaming function 'nnet::softmax<nnet::array<ap_fixed<16, 6, (ap_q_mode)5, (ap_o_mode)3, 0>, 10u>, nnet::array<ap_fixed<16, 6, (ap_q_mode)5, (ap_o_mode)3, 0>, 10u>, softmax_config6>' to 'softmax<array,array<ap_fixed,10u>,softmax_config6>' (firmware/nnet_utils/nnet_activation_stream.h:326:1)
WARNING: [XFORM 203-631] Renaming function 'nnet::shift_line_buffer<nnet::array<ap_fixed<16, 6, (ap_q_mode)5, (ap_o_mode)3, 0>, 1u>, config2>' to 'shift_line_buffer<array<ap_fixed,1u>,config2>' (firmware/nnet_utils/nnet_conv_stream.h:214:1)
WARNING: [XFORM 203-631] Renaming function 'nnet::relu<nnet::array<ap_fixed<16, 6, (ap_q_mode)5, (ap_o_mode)3, 0>, 2u>, nnet::array<ap_fixed<16, 6, (ap_q_mode)5, (ap_o_mode)3, 0>, 2u>, relu_config3>' to 'relu<array,array<ap_fixed,2u>,relu_config3>' (firmware/nnet_utils/nnet_activation_stream.h:60:68)
WARNING: [XFORM 203-631] Renaming function 'nnet::dense_wrapper<ap_fixed<16, 6, (ap_q_mode)5, (ap_o_mode)3, 0>, ap_fixed<16, 6, (ap_q_mode)5, (ap_o_mode)3, 0>, config5>' to 'dense_wrapper<ap_fixed,ap_fixed<16,6,5,3,0>,config5>' (firmware/nnet_utils/nnet_mult.h:20:9)
WARNING: [XFORM 203-631] Renaming function 'nnet::dense<nnet::array<ap_fixed<16, 6, (ap_q_mode)5, (ap_o_mode)3, 0>, 2u>, nnet::array<ap_fixed<16, 6, (ap_q_mode)5, (ap_o_mode)3, 0>, 10u>, config5>' to 'dense<array,array<ap_fixed<16,6,5,3,0>,10u>,config5>' (firmware/nnet_utils/nnet_dense_stream.h:41:39)
WARNING: [XFORM 203-631] Renaming function 'nnet::conv_2d_cl<nnet::array<ap_fixed<16, 6, (ap_q_mode)5, (ap_o_mode)3, 0>, 1u>, nnet::array<ap_fixed<16, 6, (ap_q_mode)5, (ap_o_mode)3, 0>, 2u>, config2>' to 'conv_2d_cl<array,array<ap_fixed,2u>,config2>' (firmware/nnet_utils/nnet_conv_stream.h:45:5)
INFO: [HLS 200-111] Finished Architecture Synthesis Time (s): cpu = 00:01:54 ; elapsed = 00:01:59 . Memory (MB): peak = 2746.516 ; gain = 2315.059 ; free physical = 7282 ; free virtual = 9814
INFO: [HLS 200-10] Starting hardware synthesis ...
INFO: [HLS 200-10] Synthesizing 'myproject' ...
WARNING: [SYN 201-103] Legalizing function name 'Block__proc' to 'Block_proc'.
WARNING: [SYN 201-103] Legalizing function name 'zeropad2d_cl<array,array<ap_fixed,1u>,config7>' to 'zeropad2d_cl_array_array_ap_fixed_1u_config7_s'.
WARNING: [SYN 201-103] Legalizing function name 'shift_line_buffer<array<ap_fixed,1u>,config2>' to 'shift_line_buffer_array_ap_fixed_1u_config2_s'.
WARNING: [SYN 201-103] Legalizing function name 'conv_2d_cl<array,array<ap_fixed,2u>,config2>' to 'conv_2d_cl_array_array_ap_fixed_2u_config2_s'.
WARNING: [SYN 201-103] Legalizing function name 'relu<array,array<ap_fixed,2u>,relu_config3>' to 'relu_array_array_ap_fixed_2u_relu_config3_s'.
WARNING: [SYN 201-103] Legalizing function name 'dense_wrapper<ap_fixed,ap_fixed<16,6,5,3,0>,config5>' to 'dense_wrapper_ap_fixed_ap_fixed_16_6_5_3_0_config5_s'.
WARNING: [SYN 201-103] Legalizing function name 'dense<array,array<ap_fixed<16,6,5,3,0>,10u>,config5>' to 'dense_array_array_ap_fixed_16_6_5_3_0_10u_config5_s'.
WARNING: [SYN 201-103] Legalizing function name 'softmax_stable<array,array<ap_fixed,10u>,softmax_config6>' to 'softmax_stable_array_array_ap_fixed_10u_softmax_config6_s'.
WARNING: [SYN 201-103] Legalizing function name 'softmax<array,array<ap_fixed,10u>,softmax_config6>' to 'softmax_array_array_ap_fixed_10u_softmax_config6_s'.
INFO: [HLS 200-10] ----------------------------------------------------------------
INFO: [HLS 200-42] -- Implementing module 'Block_proc' 
INFO: [HLS 200-10] ----------------------------------------------------------------
INFO: [SCHED 204-11] Starting scheduling ...
INFO: [SCHED 204-11] Finished scheduling.
INFO: [HLS 200-111]  Elapsed time: 119.14 seconds; current allocated memory: 410.217 MB.
INFO: [BIND 205-100] Starting micro-architecture generation ...
INFO: [BIND 205-101] Performing variable lifetime analysis.
INFO: [BIND 205-101] Exploring resource sharing.
INFO: [BIND 205-101] Binding ...
INFO: [BIND 205-100] Finished micro-architecture generation.
INFO: [HLS 200-111]  Elapsed time: 0.03 seconds; current allocated memory: 410.265 MB.
INFO: [HLS 200-10] ----------------------------------------------------------------
INFO: [HLS 200-42] -- Implementing module 'zeropad2d_cl_array_array_ap_fixed_1u_config7_s' 
INFO: [HLS 200-10] ----------------------------------------------------------------
INFO: [SCHED 204-11] Starting scheduling ...
INFO: [SCHED 204-11] Finished scheduling.
INFO: [HLS 200-111]  Elapsed time: 0.18 seconds; current allocated memory: 410.530 MB.
INFO: [BIND 205-100] Starting micro-architecture generation ...
INFO: [BIND 205-101] Performing variable lifetime analysis.
INFO: [BIND 205-101] Exploring resource sharing.
INFO: [BIND 205-101] Binding ...
INFO: [BIND 205-100] Finished micro-architecture generation.
INFO: [HLS 200-111]  Elapsed time: 0.1 seconds; current allocated memory: 410.723 MB.
INFO: [HLS 200-10] ----------------------------------------------------------------
INFO: [HLS 200-42] -- Implementing module 'shift_line_buffer_array_ap_fixed_1u_config2_s' 
INFO: [HLS 200-10] ----------------------------------------------------------------
INFO: [SCHED 204-11] Starting scheduling ...
INFO: [SCHED 204-61] Pipelining function 'shift_line_buffer<array<ap_fixed,1u>,config2>'.
INFO: [SCHED 204-61] Pipelining result : Target II = 1, Final II = 1, Depth = 1.
INFO: [SCHED 204-11] Finished scheduling.
INFO: [HLS 200-111]  Elapsed time: 0.13 seconds; current allocated memory: 410.804 MB.
INFO: [BIND 205-100] Starting micro-architecture generation ...
INFO: [BIND 205-101] Performing variable lifetime analysis.
INFO: [BIND 205-101] Exploring resource sharing.
INFO: [BIND 205-101] Binding ...
INFO: [BIND 205-100] Finished micro-architecture generation.
INFO: [HLS 200-111]  Elapsed time: 0.04 seconds; current allocated memory: 410.908 MB.
INFO: [HLS 200-10] ----------------------------------------------------------------
INFO: [HLS 200-42] -- Implementing module 'conv_2d_cl_array_array_ap_fixed_2u_config2_s' 
INFO: [HLS 200-10] ----------------------------------------------------------------
INFO: [SCHED 204-11] Starting scheduling ...
INFO: [SCHED 204-61] Pipelining loop 'ReadInputHeight_ReadInputWidth'.
INFO: [SCHED 204-61] Pipelining result : Target II = 1, Final II = 1, Depth = 4.
INFO: [SCHED 204-11] Finished scheduling.
INFO: [HLS 200-111]  Elapsed time: 0.26 seconds; current allocated memory: 411.729 MB.
INFO: [BIND 205-100] Starting micro-architecture generation ...
INFO: [BIND 205-101] Performing variable lifetime analysis.
INFO: [BIND 205-101] Exploring resource sharing.
INFO: [BIND 205-101] Binding ...
INFO: [BIND 205-100] Starting global binding ...
INFO: [BIND 205-100] Finished micro-architecture generation.
INFO: [HLS 200-111]  Elapsed time: 0.39 seconds; current allocated memory: 412.589 MB.
INFO: [HLS 200-10] ----------------------------------------------------------------
INFO: [HLS 200-42] -- Implementing module 'relu_array_array_ap_fixed_2u_relu_config3_s' 
INFO: [HLS 200-10] ----------------------------------------------------------------
INFO: [SCHED 204-11] Starting scheduling ...
INFO: [SCHED 204-61] Pipelining loop 'ReLUActLoop'.
INFO: [SCHED 204-61] Pipelining result : Target II = 1, Final II = 1, Depth = 2.
INFO: [SCHED 204-11] Finished scheduling.
INFO: [HLS 200-111]  Elapsed time: 0.48 seconds; current allocated memory: 412.751 MB.
INFO: [BIND 205-100] Starting micro-architecture generation ...
INFO: [BIND 205-101] Performing variable lifetime analysis.
INFO: [BIND 205-101] Exploring resource sharing.
INFO: [BIND 205-101] Binding ...
INFO: [BIND 205-100] Finished micro-architecture generation.
INFO: [HLS 200-111]  Elapsed time: 0.07 seconds; current allocated memory: 412.898 MB.
INFO: [HLS 200-10] ----------------------------------------------------------------
INFO: [HLS 200-42] -- Implementing module 'dense_wrapper_ap_fixed_ap_fixed_16_6_5_3_0_config5_s' 
INFO: [HLS 200-10] ----------------------------------------------------------------
INFO: [SCHED 204-11] Starting scheduling ...
INFO: [SCHED 204-61] Pipelining function 'dense_wrapper<ap_fixed,ap_fixed<16,6,5,3,0>,config5>'.
INFO: [SCHED 204-61] Pipelining result : Target II = 1, Final II = 1, Depth = 2.
INFO: [SCHED 204-11] Finished scheduling.
INFO: [HLS 200-111]  Elapsed time: 6.86 seconds; current allocated memory: 435.089 MB.
INFO: [BIND 205-100] Starting micro-architecture generation ...
INFO: [BIND 205-101] Performing variable lifetime analysis.
INFO: [BIND 205-101] Exploring resource sharing.
INFO: [BIND 205-101] Binding ...
INFO: [BIND 205-100] Starting global binding ...
INFO: [BIND 205-100] Finished micro-architecture generation.
INFO: [HLS 200-111]  Elapsed time: 31.71 seconds; current allocated memory: 477.053 MB.
INFO: [HLS 200-10] ----------------------------------------------------------------
INFO: [HLS 200-42] -- Implementing module 'dense_array_array_ap_fixed_16_6_5_3_0_10u_config5_s' 
INFO: [HLS 200-10] ----------------------------------------------------------------
INFO: [SCHED 204-11] Starting scheduling ...
INFO: [SCHED 204-61] Pipelining loop 'DataPrepare'.
INFO: [SCHED 204-61] Pipelining result : Target II = 1, Final II = 1, Depth = 2.
INFO: [SCHED 204-11] Finished scheduling.
INFO: [HLS 200-111]  Elapsed time: 14.34 seconds; current allocated memory: 481.887 MB.
INFO: [BIND 205-100] Starting micro-architecture generation ...
INFO: [BIND 205-101] Performing variable lifetime analysis.
INFO: [BIND 205-101] Exploring resource sharing.
INFO: [BIND 205-101] Binding ...
INFO: [BIND 205-100] Finished micro-architecture generation.
INFO: [HLS 200-111]  Elapsed time: 2.11 seconds; current allocated memory: 484.719 MB.
INFO: [HLS 200-10] ----------------------------------------------------------------
INFO: [HLS 200-42] -- Implementing module 'softmax_stable_array_array_ap_fixed_10u_softmax_config6_s' 
INFO: [HLS 200-10] ----------------------------------------------------------------
INFO: [SCHED 204-11] Starting scheduling ...
INFO: [SCHED 204-61] Pipelining function 'softmax_stable<array,array<ap_fixed,10u>,softmax_config6>'.
INFO: [SCHED 204-61] Pipelining result : Target II = 1, Final II = 1, Depth = 4.
INFO: [SCHED 204-11] Finished scheduling.
INFO: [HLS 200-111]  Elapsed time: 4.96 seconds; current allocated memory: 488.268 MB.
INFO: [BIND 205-100] Starting micro-architecture generation ...
INFO: [BIND 205-101] Performing variable lifetime analysis.
INFO: [BIND 205-101] Exploring resource sharing.
INFO: [BIND 205-101] Binding ...
INFO: [BIND 205-100] Starting global binding ...
INFO: [BIND 205-100] Finished micro-architecture generation.
INFO: [HLS 200-111]  Elapsed time: 0.57 seconds; current allocated memory: 489.462 MB.
INFO: [HLS 200-10] ----------------------------------------------------------------
INFO: [HLS 200-42] -- Implementing module 'softmax_array_array_ap_fixed_10u_softmax_config6_s' 
INFO: [HLS 200-10] ----------------------------------------------------------------
INFO: [SCHED 204-11] Starting scheduling ...
INFO: [SCHED 204-11] Finished scheduling.
INFO: [HLS 200-111]  Elapsed time: 0.65 seconds; current allocated memory: 489.700 MB.
INFO: [BIND 205-100] Starting micro-architecture generation ...
INFO: [BIND 205-101] Performing variable lifetime analysis.
INFO: [BIND 205-101] Exploring resource sharing.
INFO: [BIND 205-101] Binding ...
INFO: [BIND 205-100] Finished micro-architecture generation.
INFO: [HLS 200-111]  Elapsed time: 0.12 seconds; current allocated memory: 490.017 MB.
INFO: [HLS 200-10] ----------------------------------------------------------------
INFO: [HLS 200-42] -- Implementing module 'myproject' 
INFO: [HLS 200-10] ----------------------------------------------------------------
INFO: [SCHED 204-11] Starting scheduling ...
INFO: [SCHED 204-11] Finished scheduling.
INFO: [HLS 200-111]  Elapsed time: 0.24 seconds; current allocated memory: 490.319 MB.
INFO: [BIND 205-100] Starting micro-architecture generation ...
INFO: [BIND 205-101] Performing variable lifetime analysis.
INFO: [BIND 205-101] Exploring resource sharing.
INFO: [BIND 205-101] Binding ...
INFO: [BIND 205-100] Finished micro-architecture generation.
INFO: [HLS 200-111]  Elapsed time: 7.52 seconds; current allocated memory: 495.572 MB.
INFO: [HLS 200-10] ----------------------------------------------------------------
INFO: [HLS 200-10] -- Generating RTL for module 'Block_proc' 
INFO: [HLS 200-10] ----------------------------------------------------------------
INFO: [RTGEN 206-100] Finished creating RTL model for 'Block_proc'.
INFO: [HLS 200-111]  Elapsed time: 4.57 seconds; current allocated memory: 498.607 MB.
INFO: [HLS 200-10] ----------------------------------------------------------------
INFO: [HLS 200-10] -- Generating RTL for module 'zeropad2d_cl_array_array_ap_fixed_1u_config7_s' 
INFO: [HLS 200-10] ----------------------------------------------------------------
INFO: [RTGEN 206-100] Finished creating RTL model for 'zeropad2d_cl_array_array_ap_fixed_1u_config7_s'.
INFO: [HLS 200-111]  Elapsed time: 0.06 seconds; current allocated memory: 499.089 MB.
INFO: [HLS 200-10] ----------------------------------------------------------------
INFO: [HLS 200-10] -- Generating RTL for module 'shift_line_buffer_array_ap_fixed_1u_config2_s' 
INFO: [HLS 200-10] ----------------------------------------------------------------
INFO: [SYN 201-210] Renamed object name 'shift_line_buffer_array_ap_fixed_1u_config2_s_line_buffer_Array_V_0_0' to 'shift_line_buffer_array_ap_fixed_1u_config2_s_line_bufferbkb' due to the length limit 60
INFO: [SYN 201-210] Renamed object name 'shift_line_buffer_array_ap_fixed_1u_config2_s_line_buffer_Array_V_1_0' to 'shift_line_buffer_array_ap_fixed_1u_config2_s_line_buffercud' due to the length limit 60
INFO: [RTGEN 206-100] Finished creating RTL model for 'shift_line_buffer_array_ap_fixed_1u_config2_s'.
INFO: [HLS 200-111]  Elapsed time: 0.19 seconds; current allocated memory: 500.114 MB.
INFO: [HLS 200-10] ----------------------------------------------------------------
INFO: [HLS 200-10] -- Generating RTL for module 'conv_2d_cl_array_array_ap_fixed_2u_config2_s' 
INFO: [HLS 200-10] ----------------------------------------------------------------
WARNING: [RTGEN 206-101] Register 'kernel_data_V_1' is power-on initialization.
WARNING: [RTGEN 206-101] Register 'kernel_data_V_2' is power-on initialization.
WARNING: [RTGEN 206-101] Register 'kernel_data_V_4' is power-on initialization.
WARNING: [RTGEN 206-101] Register 'kernel_data_V_5' is power-on initialization.
WARNING: [RTGEN 206-101] Register 'kernel_data_V_7' is power-on initialization.
WARNING: [RTGEN 206-101] Register 'kernel_data_V_8' is power-on initialization.
WARNING: [RTGEN 206-101] Register 'sX' is power-on initialization.
WARNING: [RTGEN 206-101] Register 'sY' is power-on initialization.
WARNING: [RTGEN 206-101] Register 'pY' is power-on initialization.
WARNING: [RTGEN 206-101] Register 'pX' is power-on initialization.
INFO: [RTGEN 206-100] Finished creating RTL model for 'conv_2d_cl_array_array_ap_fixed_2u_config2_s'.
INFO: [HLS 200-111]  Elapsed time: 0.14 seconds; current allocated memory: 501.865 MB.
INFO: [HLS 200-10] ----------------------------------------------------------------
INFO: [HLS 200-10] -- Generating RTL for module 'relu_array_array_ap_fixed_2u_relu_config3_s' 
INFO: [HLS 200-10] ----------------------------------------------------------------
INFO: [RTGEN 206-100] Finished creating RTL model for 'relu_array_array_ap_fixed_2u_relu_config3_s'.
INFO: [HLS 200-111]  Elapsed time: 0.76 seconds; current allocated memory: 505.607 MB.
INFO: [HLS 200-10] ----------------------------------------------------------------
INFO: [HLS 200-10] -- Generating RTL for module 'dense_wrapper_ap_fixed_ap_fixed_16_6_5_3_0_config5_s' 
INFO: [HLS 200-10] ----------------------------------------------------------------
INFO: [RTGEN 206-104] Estimated max fanout for 'dense_wrapper_ap_fixed_ap_fixed_16_6_5_3_0_config5_s' is 28864 from HDL expression: (1'b0 == ap_block_pp0_stage0)
INFO: [RTGEN 206-100] Finished creating RTL model for 'dense_wrapper_ap_fixed_ap_fixed_16_6_5_3_0_config5_s'.
INFO: [HLS 200-111]  Elapsed time: 1.41 seconds; current allocated memory: 544.289 MB.
INFO: [HLS 200-10] ----------------------------------------------------------------
INFO: [HLS 200-10] -- Generating RTL for module 'dense_array_array_ap_fixed_16_6_5_3_0_10u_config5_s' 
INFO: [HLS 200-10] ----------------------------------------------------------------
INFO: [RTGEN 206-100] Finished creating RTL model for 'dense_array_array_ap_fixed_16_6_5_3_0_10u_config5_s'.
INFO: [HLS 200-111]  Elapsed time: 29.01 seconds; current allocated memory: 654.579 MB.
INFO: [HLS 200-10] ----------------------------------------------------------------
INFO: [HLS 200-10] -- Generating RTL for module 'softmax_stable_array_array_ap_fixed_10u_softmax_config6_s' 
INFO: [HLS 200-10] ----------------------------------------------------------------
INFO: [SYN 201-210] Renamed object name 'softmax_stable_array_array_ap_fixed_10u_softmax_config6_s_exp_table1' to 'softmax_stable_array_array_ap_fixed_10u_softmax_config6_sdEe' due to the length limit 60
INFO: [SYN 201-210] Renamed object name 'softmax_stable_array_array_ap_fixed_10u_softmax_config6_s_invert_table2' to 'softmax_stable_array_array_ap_fixed_10u_softmax_config6_seOg' due to the length limit 60
INFO: [RTGEN 206-100] Finished creating RTL model for 'softmax_stable_array_array_ap_fixed_10u_softmax_config6_s'.
INFO