

================================================================
== Vivado HLS Report for 'myproject'
================================================================
* Date:           Thu Feb 17 20:08:51 2022

* Version:        2019.2 (Build 2704478 on Wed Nov 06 22:10:23 MST 2019)
* Project:        myproject_prj
* Solution:       solution1
* Product family: virtexuplus
* Target device:  xcu250-figd2104-2L-e


================================================================
== Performance Estimates
================================================================
+ Timing: 
    * Summary: 
    +--------+---------+----------+------------+
    |  Clock |  Target | Estimated| Uncertainty|
    +--------+---------+----------+------------+
    |ap_clk  | 5.00 ns | 4.371 ns |   0.62 ns  |
    +--------+---------+----------+------------+

+ Latency: 
    * Summary: 
    +---------+---------+----------+----------+-----+-----+----------+
    |  Latency (cycles) |  Latency (absolute) |  Interval | Pipeline |
    |   min   |   max   |    min   |    max   | min | max |   Type   |
    +---------+---------+----------+----------+-----+-----+----------+
    |      109|      109| 0.545 us | 0.545 us |  105|  105| dataflow |
    +---------+---------+----------+----------+-----+-----+----------+

    + Detail: 
        * Instance: 
        N/A

        * Loop: 
        N/A

============================================================
+ Verbose Summary: Synthesis Manager
============================================================
InlineROM: 1
ExposeGlobal: 0
============================================================
+ Verbose Summary: CDFG Model
============================================================
IsTopModel: 1
ResetActiveHigh: 1
IsCombinational: 2
IsDatapathOnly: 0
HasWiredReturn: 1
HasMFsm: 0
HasVarLatency: 1
IsPipeline: 0
IsRtlPipelined: 0
IsInstanceOverlapped: 0
IsDontTouch: 0
HasImplIP: 0
IsGatedGlobalClock: 0


============================================================
+ Verbose Summary: Schedule
============================================================
* Number of FSM states : 12
* Pipeline : 0
* Dataflow Pipeline: 1
  DF-Pipeline-0: Size = 12, States = { 1 2 3 4 5 6 7 8 9 10 11 12 }

* FSM state transitions: 
1 --> 2 
2 --> 3 
3 --> 4 
4 --> 5 
5 --> 6 
6 --> 7 
7 --> 8 
8 --> 9 
9 --> 10 
10 --> 11 
11 --> 12 
12 --> 

* FSM state operations: 

State 1 <SV = 0> <Delay = 0.00>
ST_1 : Operation 13 [1/1] (0.00ns)   --->   "%layer7_out_V_data_0_V = alloca i16, align 2" [firmware/myproject.cpp:56]   --->   Operation 13 'alloca' 'layer7_out_V_data_0_V' <Predicate = true> <Delay = 0.00> <Core = "FIFO">   --->   Core 32 'FIFO' <Latency = 0> <II = 1> <Delay = 1.45> <Storage> <Opcode : 'read' 'write' 'nbread' 'nbwrite'> <Ports = 0> <Width = 16> <Depth = 1> <FIFO>
ST_1 : Operation 14 [1/1] (0.00ns)   --->   "%layer2_out_V_data_0_V = alloca i16, align 2" [firmware/myproject.cpp:60]   --->   Operation 14 'alloca' 'layer2_out_V_data_0_V' <Predicate = true> <Delay = 0.00> <Core = "FIFO">   --->   Core 32 'FIFO' <Latency = 0> <II = 1> <Delay = 1.45> <Storage> <Opcode : 'read' 'write' 'nbread' 'nbwrite'> <Ports = 0> <Width = 16> <Depth = 1> <FIFO>
ST_1 : Operation 15 [1/1] (0.00ns)   --->   "%layer2_out_V_data_1_V = alloca i16, align 2" [firmware/myproject.cpp:60]   --->   Operation 15 'alloca' 'layer2_out_V_data_1_V' <Predicate = true> <Delay = 0.00> <Core = "FIFO">   --->   Core 32 'FIFO' <Latency = 0> <II = 1> <Delay = 1.45> <Storage> <Opcode : 'read' 'write' 'nbread' 'nbwrite'> <Ports = 0> <Width = 16> <Depth = 1> <FIFO>
ST_1 : Operation 16 [1/1] (0.00ns)   --->   "%layer3_out_V_data_0_V = alloca i16, align 2" [firmware/myproject.cpp:64]   --->   Operation 16 'alloca' 'layer3_out_V_data_0_V' <Predicate = true> <Delay = 0.00> <Core = "FIFO">   --->   Core 32 'FIFO' <Latency = 0> <II = 1> <Delay = 1.45> <Storage> <Opcode : 'read' 'write' 'nbread' 'nbwrite'> <Ports = 0> <Width = 16> <Depth = 1> <FIFO>
ST_1 : Operation 17 [1/1] (0.00ns)   --->   "%layer3_out_V_data_1_V = alloca i16, align 2" [firmware/myproject.cpp:64]   --->   Operation 17 'alloca' 'layer3_out_V_data_1_V' <Predicate = true> <Delay = 0.00> <Core = "FIFO">   --->   Core 32 'FIFO' <Latency = 0> <II = 1> <Delay = 1.45> <Storage> <Opcode : 'read' 'write' 'nbread' 'nbwrite'> <Ports = 0> <Width = 16> <Depth = 1> <FIFO>
ST_1 : Operation 18 [1/1] (0.00ns)   --->   "%layer5_out_V_data_0_V = alloca i16, align 2" [firmware/myproject.cpp:68]   --->   Operation 18 'alloca' 'layer5_out_V_data_0_V' <Predicate = true> <Delay = 0.00> <Core = "FIFO">   --->   Core 32 'FIFO' <Latency = 0> <II = 1> <Delay = 1.45> <Storage> <Opcode : 'read' 'write' 'nbread' 'nbwrite'> <Ports = 0> <Width = 16> <Depth = 1> <FIFO>
ST_1 : Operation 19 [1/1] (0.00ns)   --->   "%layer5_out_V_data_1_V = alloca i16, align 2" [firmware/myproject.cpp:68]   --->   Operation 19 'alloca' 'layer5_out_V_data_1_V' <Predicate = true> <Delay = 0.00> <Core = "FIFO">   --->   Core 32 'FIFO' <Latency = 0> <II = 1> <Delay = 1.45> <Storage> <Opcode : 'read' 'write' 'nbread' 'nbwrite'> <Ports = 0> <Width = 16> <Depth = 1> <FIFO>
ST_1 : Operation 20 [1/1] (0.00ns)   --->   "%layer5_out_V_data_2_V = alloca i16, align 2" [firmware/myproject.cpp:68]   --->   Operation 20 'alloca' 'layer5_out_V_data_2_V' <Predicate = true> <Delay = 0.00> <Core = "FIFO">   --->   Core 32 'FIFO' <Latency = 0> <II = 1> <Delay = 1.45> <Storage> <Opcode : 'read' 'write' 'nbread' 'nbwrite'> <Ports = 0> <Width = 16> <Depth = 1> <FIFO>
ST_1 : Operation 21 [1/1] (0.00ns)   --->   "%layer5_out_V_data_3_V = alloca i16, align 2" [firmware/myproject.cpp:68]   --->   Operation 21 'alloca' 'layer5_out_V_data_3_V' <Predicate = true> <Delay = 0.00> <Core = "FIFO">   --->   Core 32 'FIFO' <Latency = 0> <II = 1> <Delay = 1.45> <Storage> <Opcode : 'read' 'write' 'nbread' 'nbwrite'> <Ports = 0> <Width = 16> <Depth = 1> <FIFO>
ST_1 : Operation 22 [1/1] (0.00ns)   --->   "%layer5_out_V_data_4_V = alloca i16, align 2" [firmware/myproject.cpp:68]   --->   Operation 22 'alloca' 'layer5_out_V_data_4_V' <Predicate = true> <Delay = 0.00> <Core = "FIFO">   --->   Core 32 'FIFO' <Latency = 0> <II = 1> <Delay = 1.45> <Storage> <Opcode : 'read' 'write' 'nbread' 'nbwrite'> <Ports = 0> <Width = 16> <Depth = 1> <FIFO>
ST_1 : Operation 23 [1/1] (0.00ns)   --->   "%layer5_out_V_data_5_V = alloca i16, align 2" [firmware/myproject.cpp:68]   --->   Operation 23 'alloca' 'layer5_out_V_data_5_V' <Predicate = true> <Delay = 0.00> <Core = "FIFO">   --->   Core 32 'FIFO' <Latency = 0> <II = 1> <Delay = 1.45> <Storage> <Opcode : 'read' 'write' 'nbread' 'nbwrite'> <Ports = 0> <Width = 16> <Depth = 1> <FIFO>
ST_1 : Operation 24 [1/1] (0.00ns)   --->   "%layer5_out_V_data_6_V = alloca i16, align 2" [firmware/myproject.cpp:68]   --->   Operation 24 'alloca' 'layer5_out_V_data_6_V' <Predicate = true> <Delay = 0.00> <Core = "FIFO">   --->   Core 32 'FIFO' <Latency = 0> <II = 1> <Delay = 1.45> <Storage> <Opcode : 'read' 'write' 'nbread' 'nbwrite'> <Ports = 0> <Width = 16> <Depth = 1> <FIFO>
ST_1 : Operation 25 [1/1] (0.00ns)   --->   "%layer5_out_V_data_7_V = alloca i16, align 2" [firmware/myproject.cpp:68]   --->   Operation 25 'alloca' 'layer5_out_V_data_7_V' <Predicate = true> <Delay = 0.00> <Core = "FIFO">   --->   Core 32 'FIFO' <Latency = 0> <II = 1> <Delay = 1.45> <Storage> <Opcode : 'read' 'write' 'nbread' 'nbwrite'> <Ports = 0> <Width = 16> <Depth = 1> <FIFO>
ST_1 : Operation 26 [1/1] (0.00ns)   --->   "%layer5_out_V_data_8_V = alloca i16, align 2" [firmware/myproject.cpp:68]   --->   Operation 26 'alloca' 'layer5_out_V_data_8_V' <Predicate = true> <Delay = 0.00> <Core = "FIFO">   --->   Core 32 'FIFO' <Latency = 0> <II = 1> <Delay = 1.45> <Storage> <Opcode : 'read' 'write' 'nbread' 'nbwrite'> <Ports = 0> <Width = 16> <Depth = 1> <FIFO>
ST_1 : Operation 27 [1/1] (0.00ns)   --->   "%layer5_out_V_data_9_V = alloca i16, align 2" [firmware/myproject.cpp:68]   --->   Operation 27 'alloca' 'layer5_out_V_data_9_V' <Predicate = true> <Delay = 0.00> <Core = "FIFO">   --->   Core 32 'FIFO' <Latency = 0> <II = 1> <Delay = 1.45> <Storage> <Opcode : 'read' 'write' 'nbread' 'nbwrite'> <Ports = 0> <Width = 16> <Depth = 1> <FIFO>

State 2 <SV = 1> <Delay = 0.00>
ST_2 : Operation 28 [2/2] (0.00ns)   --->   "call fastcc void @"zeropad2d_cl<array,array<ap_fixed,1u>,config7>"(i16* %conv2d_1_input_V_data_0_V, i16* %layer7_out_V_data_0_V)" [firmware/myproject.cpp:58]   --->   Operation 28 'call' <Predicate = true> <Delay = 0.00> <CoreType = "Generic">   --->   Core 0 '' <Latency = 0> <II = 1> <Delay = 1.00> <Generic> <Opcode : >

State 3 <SV = 2> <Delay = 0.00>
ST_3 : Operation 29 [1/2] (0.00ns)   --->   "call fastcc void @"zeropad2d_cl<array,array<ap_fixed,1u>,config7>"(i16* %conv2d_1_input_V_data_0_V, i16* %layer7_out_V_data_0_V)" [firmware/myproject.cpp:58]   --->   Operation 29 'call' <Predicate = true> <Delay = 0.00> <CoreType = "Generic">   --->   Core 0 '' <Latency = 0> <II = 1> <Delay = 1.00> <Generic> <Opcode : >

State 4 <SV = 3> <Delay = 0.00>
ST_4 : Operation 30 [2/2] (0.00ns)   --->   "call fastcc void @"conv_2d_cl<array,array<ap_fixed,2u>,config2>"(i16* %layer7_out_V_data_0_V, i16* %layer2_out_V_data_0_V, i16* %layer2_out_V_data_1_V)" [firmware/myproject.cpp:62]   --->   Operation 30 'call' <Predicate = true> <Delay = 0.00> <CoreType = "Generic">   --->   Core 0 '' <Latency = 0> <II = 1> <Delay = 1.00> <Generic> <Opcode : >

State 5 <SV = 4> <Delay = 0.00>
ST_5 : Operation 31 [1/2] (0.00ns)   --->   "call fastcc void @"conv_2d_cl<array,array<ap_fixed,2u>,config2>"(i16* %layer7_out_V_data_0_V, i16* %layer2_out_V_data_0_V, i16* %layer2_out_V_data_1_V)" [firmware/myproject.cpp:62]   --->   Operation 31 'call' <Predicate = true> <Delay = 0.00> <CoreType = "Generic">   --->   Core 0 '' <Latency = 0> <II = 1> <Delay = 1.00> <Generic> <Opcode : >

State 6 <SV = 5> <Delay = 0.00>
ST_6 : Operation 32 [2/2] (0.00ns)   --->   "call fastcc void @"relu<array,array<ap_fixed,2u>,relu_config3>"(i16* %layer2_out_V_data_0_V, i16* %layer2_out_V_data_1_V, i16* %layer3_out_V_data_0_V, i16* %layer3_out_V_data_1_V)" [firmware/myproject.cpp:66]   --->   Operation 32 'call' <Predicate = true> <Delay = 0.00> <CoreType = "Generic">   --->   Core 0 '' <Latency = 0> <II = 1> <Delay = 1.00> <Generic> <Opcode : >

State 7 <SV = 6> <Delay = 0.00>
ST_7 : Operation 33 [1/2] (0.00ns)   --->   "call fastcc void @"relu<array,array<ap_fixed,2u>,relu_config3>"(i16* %layer2_out_V_data_0_V, i16* %layer2_out_V_data_1_V, i16* %layer3_out_V_data_0_V, i16* %layer3_out_V_data_1_V)" [firmware/myproject.cpp:66]   --->   Operation 33 'call' <Predicate = true> <Delay = 0.00> <CoreType = "Generic">   --->   Core 0 '' <Latency = 0> <II = 1> <Delay = 1.00> <Generic> <Opcode : >

State 8 <SV = 7> <Delay = 0.00>
ST_8 : Operation 34 [2/2] (0.00ns)   --->   "call fastcc void @"dense<array,array<ap_fixed<16,6,5,3,0>,10u>,config5>"(i16* %layer3_out_V_data_0_V, i16* %layer3_out_V_data_1_V, i16* %layer5_out_V_data_0_V, i16* %layer5_out_V_data_1_V, i16* %layer5_out_V_data_2_V, i16* %layer5_out_V_data_3_V, i16* %layer5_out_V_data_4_V, i16* %layer5_out_V_data_5_V, i16* %layer5_out_V_data_6_V, i16* %layer5_out_V_data_7_V, i16* %layer5_out_V_data_8_V, i16* %layer5_out_V_data_9_V)" [firmware/myproject.cpp:70]   --->   Operation 34 'call' <Predicate = true> <Delay = 0.00> <CoreType = "Generic">   --->   Core 0 '' <Latency = 0> <II = 1> <Delay = 1.00> <Generic> <Opcode : >

State 9 <SV = 8> <Delay = 0.00>
ST_9 : Operation 35 [1/2] (0.00ns)   --->   "call fastcc void @"dense<array,array<ap_fixed<16,6,5,3,0>,10u>,config5>"(i16* %layer3_out_V_data_0_V, i16* %layer3_out_V_data_1_V, i16* %layer5_out_V_data_0_V, i16* %layer5_out_V_data_1_V, i16* %layer5_out_V_data_2_V, i16* %layer5_out_V_data_3_V, i16* %layer5_out_V_data_4_V, i16* %layer5_out_V_data_5_V, i16* %layer5_out_V_data_6_V, i16* %layer5_out_V_data_7_V, i16* %layer5_out_V_data_8_V, i16* %layer5_out_V_data_9_V)" [firmware/myproject.cpp:70]   --->   Operation 35 'call' <Predicate = true> <Delay = 0.00> <CoreType = "Generic">   --->   Core 0 '' <Latency = 0> <II = 1> <Delay = 1.00> <Generic> <Opcode : >

State 10 <SV = 9> <Delay = 0.00>
ST_10 : Operation 36 [2/2] (0.00ns)   --->   "call fastcc void @"softmax<array,array<ap_fixed,10u>,softmax_config6>"(i16* %layer5_out_V_data_0_V, i16* %layer5_out_V_data_1_V, i16* %layer5_out_V_data_2_V, i16* %layer5_out_V_data_3_V, i16* %layer5_out_V_data_4_V, i16* %layer5_out_V_data_5_V, i16* %layer5_out_V_data_6_V, i16* %layer5_out_V_data_7_V, i16* %layer5_out_V_data_8_V, i16* %layer5_out_V_data_9_V, i16* %layer6_out_V_data_0_V, i16* %layer6_out_V_data_1_V, i16* %layer6_out_V_data_2_V, i16* %layer6_out_V_data_3_V, i16* %layer6_out_V_data_4_V, i16* %layer6_out_V_data_5_V, i16* %layer6_out_V_data_6_V, i16* %layer6_out_V_data_7_V, i16* %layer6_out_V_data_8_V, i16* %layer6_out_V_data_9_V)" [firmware/myproject.cpp:72]   --->   Operation 36 'call' <Predicate = true> <Delay = 0.00> <CoreType = "Generic">   --->   Core 0 '' <Latency = 0> <II = 1> <Delay = 1.00> <Generic> <Opcode : >

State 11 <SV = 10> <Delay = 0.00>
ST_11 : Operation 37 [1/2] (0.00ns)   --->   "call fastcc void @"softmax<array,array<ap_fixed,10u>,softmax_config6>"(i16* %layer5_out_V_data_0_V, i16* %layer5_out_V_data_1_V, i16* %layer5_out_V_data_2_V, i16* %layer5_out_V_data_3_V, i16* %layer5_out_V_data_4_V, i16* %layer5_out_V_data_5_V, i16* %layer5_out_V_data_6_V, i16* %layer5_out_V_data_7_V, i16* %layer5_out_V_data_8_V, i16* %layer5_out_V_data_9_V, i16* %layer6_out_V_data_0_V, i16* %layer6_out_V_data_1_V, i16* %layer6_out_V_data_2_V, i16* %layer6_out_V_data_3_V, i16* %layer6_out_V_data_4_V, i16* %layer6_out_V_data_5_V, i16* %layer6_out_V_data_6_V, i16* %layer6_out_V_data_7_V, i16* %layer6_out_V_data_8_V, i16* %layer6_out_V_data_9_V)" [firmware/myproject.cpp:72]   --->   Operation 37 'call' <Predicate = true> <Delay = 0.00> <CoreType = "Generic">   --->   Core 0 '' <Latency = 0> <II = 1> <Delay = 1.00> <Generic> <Opcode : >

State 12 <SV = 11> <Delay = 0.00>
ST_12 : Operation 38 [1/1] (0.00ns)   --->   "call void (...)* @_ssdm_op_SpecDataflowPipeline(i32 -1, i32 0, [1 x i8]* @p_str7) nounwind" [firmware/myproject.cpp:33]   --->   Operation 38 'specdataflowpipeline' <Predicate = true> <Delay = 0.00>
ST_12 : Operation 39 [1/1] (0.00ns)   --->   "call void (...)* @_ssdm_op_SpecBitsMap(i16* %layer6_out_V_data_9_V), !map !211"   --->   Operation 39 'specbitsmap' <Predicate = true> <Delay = 0.00>
ST_12 : Operation 40 [1/1] (0.00ns)   --->   "call void (...)* @_ssdm_op_SpecBitsMap(i16* %layer6_out_V_data_8_V), !map !217"   --->   Operation 40 'specbitsmap' <Predicate = true> <Delay = 0.00>
ST_12 : Operation 41 [1/1] (0.00ns)   --->   "call void (...)* @_ssdm_op_SpecBitsMap(i16* %layer6_out_V_data_7_V), !map !223"   --->   Operation 41 'specbitsmap' <Predicate = true> <Delay = 0.00>
ST_12 : Operation 42 [1/1] (0.00ns)   --->   "call void (...)* @_ssdm_op_SpecBitsMap(i16* %layer6_out_V_data_6_V), !map !229"   --->   Operation 42 'specbitsmap' <Predicate = true> <Delay = 0.00>
ST_12 : Operation 43 [1/1] (0.00ns)   --->   "call void (...)* @_ssdm_op_SpecBitsMap(i16* %layer6_out_V_data_5_V), !map !235"   --->   Operation 43 'specbitsmap' <Predicate = true> <Delay = 0.00>
ST_12 : Operation 44 [1/1] (0.00ns)   --->   "call void (...)* @_ssdm_op_SpecBitsMap(i16* %layer6_out_V_data_4_V), !map !241"   --->   Operation 44 'specbitsmap' <Predicate = true> <Delay = 0.00>
ST_12 : Operation 45 [1/1] (0.00ns)   --->   "call void (...)* @_ssdm_op_SpecBitsMap(i16* %layer6_out_V_data_3_V), !map !247"   --->   Operation 45 'specbitsmap' <Predicate = true> <Delay = 0.00>
ST_12 : Operation 46 [1/1] (0.00ns)   --->   "call void (...)* @_ssdm_op_SpecBitsMap(i16* %layer6_out_V_data_2_V), !map !253"   --->   Operation 46 'specbitsmap' <Predicate = true> <Delay = 0.00>
ST_12 : Operation 47 [1/1] (0.00ns)   --->   "call void (...)* @_ssdm_op_SpecBitsMap(i16* %layer6_out_V_data_1_V), !map !259"   --->   Operation 47 'specbitsmap' <Predicate = true> <Delay = 0.00>
ST_12 : Operation 48 [1/1] (0.00ns)   --->   "call void (...)* @_ssdm_op_SpecBitsMap(i16* %layer6_out_V_data_0_V), !map !265"   --->   Operation 48 'specbitsmap' <Predicate = true> <Delay = 0.00>
ST_12 : Operation 49 [1/1] (0.00ns)   --->   "call void (...)* @_ssdm_op_SpecBitsMap(i16* %conv2d_1_input_V_data_0_V), !map !271"   --->   Operation 49 'specbitsmap' <Predicate = true> <Delay = 0.00>
ST_12 : Operation 50 [1/1] (0.00ns)   --->   "call void (...)* @_ssdm_op_SpecBitsMap(i16* %const_size_in_1), !map !275"   --->   Operation 50 'specbitsmap' <Predicate = true> <Delay = 0.00>
ST_12 : Operation 51 [1/1] (0.00ns)   --->   "call void (...)* @_ssdm_op_SpecBitsMap(i16* %const_size_out_1), !map !279"   --->   Operation 51 'specbitsmap' <Predicate = true> <Delay = 0.00>
ST_12 : Operation 52 [1/1] (0.00ns)   --->   "call void (...)* @_ssdm_op_SpecTopModule([10 x i8]* @myproject_str) nounwind"   --->   Operation 52 'spectopmodule' <Predicate = true> <Delay = 0.00>
ST_12 : Operation 53 [1/1] (0.00ns)   --->   "%empty = call i32 (...)* @_ssdm_op_SpecChannel([23 x i8]* @layer7_out_OC_V_OC_data_LF_0_NF_OC_V_str, i32 1, [1 x i8]* @p_str223, [1 x i8]* @p_str223, i32 100, i32 100, i16* %layer7_out_V_data_0_V, i16* %layer7_out_V_data_0_V)"   --->   Operation 53 'specchannel' 'empty' <Predicate = true> <Delay = 0.00>
ST_12 : Operation 54 [1/1] (0.00ns)   --->   "call void (...)* @_ssdm_op_SpecInterface(i16* %layer7_out_V_data_0_V, [8 x i8]* @ap_fifo_str, i32 0, i32 0, [1 x i8]* @p_str224, i32 0, i32 0, [1 x i8]* @p_str225, [1 x i8]* @p_str226, [1 x i8]* @p_str227, i32 2, i32 2, i32 16, i32 16, [1 x i8]* @p_str228, [1 x i8]* @p_str229)"   --->   Operation 54 'specinterface' <Predicate = true> <Delay = 0.00>
ST_12 : Operation 55 [1/1] (0.00ns)   --->   "%empty_47 = call i32 (...)* @_ssdm_op_SpecChannel([23 x i8]* @layer2_out_OC_V_OC_data_LF_0_NF_OC_V_str, i32 1, [1 x i8]* @p_str230, [1 x i8]* @p_str230, i32 64, i32 64, i16* %layer2_out_V_data_0_V, i16* %layer2_out_V_data_0_V)"   --->   Operation 55 'specchannel' 'empty_47' <Predicate = true> <Delay = 0.00>
ST_12 : Operation 56 [1/1] (0.00ns)   --->   "call void (...)* @_ssdm_op_SpecInterface(i16* %layer2_out_V_data_0_V, [8 x i8]* @ap_fifo_str, i32 0, i32 0, [1 x i8]* @p_str231, i32 0, i32 0, [1 x i8]* @p_str232, [1 x i8]* @p_str233, [1 x i8]* @p_str234, i32 2, i32 2, i32 16, i32 16, [1 x i8]* @p_str235, [1 x i8]* @p_str236)"   --->   Operation 56 'specinterface' <Predicate = true> <Delay = 0.00>
ST_12 : Operation 57 [1/1] (0.00ns)   --->   "%empty_48 = call i32 (...)* @_ssdm_op_SpecChannel([23 x i8]* @layer2_out_OC_V_OC_data_LF_1_NF_OC_V_str, i32 1, [1 x i8]* @p_str237, [1 x i8]* @p_str237, i32 64, i32 64, i16* %layer2_out_V_data_1_V, i16* %layer2_out_V_data_1_V)"   --->   Operation 57 'specchannel' 'empty_48' <Predicate = true> <Delay = 0.00>
ST_12 : Operation 58 [1/1] (0.00ns)   --->   "call void (...)* @_ssdm_op_SpecInterface(i16* %layer2_out_V_data_1_V, [8 x i8]* @ap_fifo_str, i32 0, i32 0, [1 x i8]* @p_str238, i32 0, i32 0, [1 x i8]* @p_str239, [1 x i8]* @p_str240, [1 x i8]* @p_str241, i32 2, i32 2, i32 16, i32 16, [1 x i8]* @p_str242, [1 x i8]* @p_str243)"   --->   Operation 58 'specinterface' <Predicate = true> <Delay = 0.00>
ST_12 : Operation 59 [1/1] (0.00ns)   --->   "%empty_49 = call i32 (...)* @_ssdm_op_SpecChannel([23 x i8]* @layer3_out_OC_V_OC_data_LF_0_NF_OC_V_str, i32 1, [1 x i8]* @p_str244, [1 x i8]* @p_str244, i32 64, i32 64, i16* %layer3_out_V_data_0_V, i16* %layer3_out_V_data_0_V)"   --->   Operation 59 'specchannel' 'empty_49' <Predicate = true> <Delay = 0.00>
ST_12 : Operation 60 [1/1] (0.00ns)   --->   "call void (...)* @_ssdm_op_SpecInterface(i16* %layer3_out_V_data_0_V, [8 x i8]* @ap_fifo_str, i32 0, i32 0, [1 x i8]* @p_str245, i32 0, i32 0, [1 x i8]* @p_str246, [1 x i8]* @p_str247, [1 x i8]* @p_str248, i32 2, i32 2, i32 16, i32 16, [1 x i8]* @p_str249, [1 x i8]* @p_str250)"   --->   Operation 60 'specinterface' <Predicate = true> <Delay = 0.00>
ST_12 : Operation 61 [1/1] (0.00ns)   --->   "%empty_50 = call i32 (...)* @_ssdm_op_SpecChannel([23 x i8]* @layer3_out_OC_V_OC_data_LF_1_NF_OC_V_str, i32 1, [1 x i8]* @p_str251, [1 x i8]* @p_str251, i32 64, i32 64, i16* %layer3_out_V_data_1_V, i16* %layer3_out_V_data_1_V)"   --->   Operation 61 'specchannel' 'empty_50' <Predicate = true> <Delay = 0.00>
ST_12 : Operation 62 [1/1] (0.00ns)   --->   "call void (...)* @_ssdm_op_SpecInterface(i16* %layer3_out_V_data_1_V, [8 x i8]* @ap_fifo_str, i32 0, i32 0, [1 x i8]* @p_str252, i32 0, i32 0, [1 x i8]* @p_str253, [1 x i8]* @p_str254, [1 x i8]* @p_str255, i32 2, i32 2, i32 16, i32 16, [1 x i8]* @p_str256, [1 x i8]* @p_str257)"   --->   Operation 62 'specinterface' <Predicate = true> <Delay = 0.00>
ST_12 : Operation 63 [1/1] (0.00ns)   --->   "%empty_51 = call i32 (...)* @_ssdm_op_SpecChannel([23 x i8]* @layer5_out_OC_V_OC_data_LF_0_NF_OC_V_str, i32 1, [1 x i8]* @p_str258, [1 x i8]* @p_str258, i32 1, i32 1, i16* %layer5_out_V_data_0_V, i16* %layer5_out_V_data_0_V)"   --->   Operation 63 'specchannel' 'empty_51' <Predicate = true> <Delay = 0.00>
ST_12 : Operation 64 [1/1] (0.00ns)   --->   "call void (...)* @_ssdm_op_SpecInterface(i16* %layer5_out_V_data_0_V, [8 x i8]* @ap_fifo_str, i32 0, i32 0, [1 x i8]* @p_str259, i32 0, i32 0, [1 x i8]* @p_str260, [1 x i8]* @p_str261, [1 x i8]* @p_str262, i32 2, i32 2, i32 16, i32 16, [1 x i8]* @p_str263, [1 x i8]* @p_str264)"   --->   Operation 64 'specinterface' <Predicate = true> <Delay = 0.00>
ST_12 : Operation 65 [1/1] (0.00ns)   --->   "%empty_52 = call i32 (...)* @_ssdm_op_SpecChannel([23 x i8]* @layer5_out_OC_V_OC_data_LF_1_NF_OC_V_str, i32 1, [1 x i8]* @p_str265, [1 x i8]* @p_str265, i32 1, i32 1, i16* %layer5_out_V_data_1_V, i16* %layer5_out_V_data_1_V)"   --->   Operation 65 'specchannel' 'empty_52' <Predicate = true> <Delay = 0.00>
ST_12 : Operation 66 [1/1] (0.00ns)   --->   "call void (...)* @_ssdm_op_SpecInterface(i16* %layer5_out_V_data_1_V, [8 x i8]* @ap_fifo_str, i32 0, i32 0, [1 x i8]* @p_str266, i32 0, i32 0, [1 x i8]* @p_str267, [1 x i8]* @p_str268, [1 x i8]* @p_str269, i32 2, i32 2, i32 16, i32 16, [1 x i8]* @p_str270, [1 x i8]* @p_str271)"   --->   Operation 66 'specinterface' <Predicate = true> <Delay = 0.00>
ST_12 : Operation 67 [1/1] (0.00ns)   --->   "%empty_53 = call i32 (...)* @_ssdm_op_SpecChannel([23 x i8]* @layer5_out_OC_V_OC_data_LF_2_NF_OC_V_str, i32 1, [1 x i8]* @p_str272, [1 x i8]* @p_str272, i32 1, i32 1, i16* %layer5_out_V_data_2_V, i16* %layer5_out_V_data_2_V)"   --->   Operation 67 'specchannel' 'empty_53' <Predicate = true> <Delay = 0.00>
ST_12 : Operation 68 [1/1] (0.00ns)   --->   "call void (...)* @_ssdm_op_SpecInterface(i16* %layer5_out_V_data_2_V, [8 x i8]* @ap_fifo_str, i32 0, i32 0, [1 x i8]* @p_str273, i32 0, i32 0, [1 x i8]* @p_str274, [1 x i8]* @p_str275, [1 x i8]* @p_str276, i32 2, i32 2, i32 16, i32 16, [1 x i8]* @p_str277, [1 x i8]* @p_str278)"   --->   Operation 68 'specinterface' <Predicate = true> <Delay = 0.00>
ST_12 : Operation 69 [1/1] (0.00ns)   --->   "%empty_54 = call i32 (...)* @_ssdm_op_SpecChannel([23 x i8]* @layer5_out_OC_V_OC_data_LF_3_NF_OC_V_str, i32 1, [1 x i8]* @p_str279, [1 x i8]* @p_str279, i32 1, i32 1, i16* %layer5_out_V_data_3_V, i16* %layer5_out_V_data_3_V)"   --->   Operation 69 'specchannel' 'empty_54' <Predicate = true> <Delay = 0.00>
ST_12 : Operation 70 [1/1] (0.00ns)   --->   "call void (...)* @_ssdm_op_SpecInterface(i16* %layer5_out_V_data_3_V, [8 x i8]* @ap_fifo_str, i32 0, i32 0, [1 x i8]* @p_str280, i32 0, i32 0, [1 x i8]* @p_str281, [1 x i8]* @p_str282, [1 x i8]* @p_str283, i32 2, i32 2, i32 16, i32 16, [1 x i8]* @p_str284, [1 x i8]* @p_str285)"   --->   Operation 70 'specinterface' <Predicate = true> <Delay = 0.00>
ST_12 : Operation 71 [1/1] (0.00ns)   --->   "%empty_55 = call i32 (...)* @_ssdm_op_SpecChannel([23 x i8]* @layer5_out_OC_V_OC_data_LF_4_NF_OC_V_str, i32 1, [1 x i8]* @p_str286, [1 x i8]* @p_str286, i32 1, i32 1, i16* %layer5_out_V_data_4_V, i16* %layer5_out_V_data_4_V)"   --->   Operation 71 'specchannel' 'empty_55' <Predicate = true> <Delay = 0.00>
ST_12 : Operation 72 [1/1] (0.00ns)   --->   "call void (...)* @_ssdm_op_SpecInterface(i16* %layer5_out_V_data_4_V, [8 x i8]* @ap_fifo_str, i32 0, i32 0, [1 x i8]* @p_str287, i32 0, i32 0, [1 x i8]* @p_str288, [1 x i8]* @p_str289, [1 x i8]* @p_str290, i32 2, i32 2, i32 16, i32 16, [1 x i8]* @p_str291, [1 x i8]* @p_str292)"   --->   Operation 72 'specinterface' <Predicate = true> <Delay = 0.00>
ST_12 : Operation 73 [1/1] (0.00ns)   --->   "%empty_56 = call i32 (...)* @_ssdm_op_SpecChannel([23 x i8]* @layer5_out_OC_V_OC_data_LF_5_NF_OC_V_str, i32 1, [1 x i8]* @p_str293, [1 x i8]* @p_str293, i32 1, i32 1, i16* %layer5_out_V_data_5_V, i16* %layer5_out_V_data_5_V)"   --->   Operation 73 'specchannel' 'empty_56' <Predicate = true> <Delay = 0.00>
ST_12 : Operation 74 [1/1] (0.00ns)   --->   "call void (...)* @_ssdm_op_SpecInterface(i16* %layer5_out_V_data_5_V, [8 x i8]* @ap_fifo_str, i32 0, i32 0, [1 x i8]* @p_str294, i32 0, i32 0, [1 x i8]* @p_str295, [1 x i8]* @p_str296, [1 x i8]* @p_str297, i32 2, i32 2, i32 16, i32 16, [1 x i8]* @p_str298, [1 x i8]* @p_str299)"   --->   Operation 74 'specinterface' <Predicate = true> <Delay = 0.00>
ST_12 : Operation 75 [1/1] (0.00ns)   --->   "%empty_57 = call i32 (...)* @_ssdm_op_SpecChannel([23 x i8]* @layer5_out_OC_V_OC_data_LF_6_NF_OC_V_str, i32 1, [1 x i8]* @p_str300, [1 x i8]* @p_str300, i32 1, i32 1, i16* %layer5_out_V_data_6_V, i16* %layer5_out_V_data_6_V)"   --->   Operation 75 'specchannel' 'empty_57' <Predicate = true> <Delay = 0.00>
ST_12 : Operation 76 [1/1] (0.00ns)   --->   "call void (...)* @_ssdm_op_SpecInterface(i16* %layer5_out_V_data_6_V, [8 x i8]* @ap_fifo_str, i32 0, i32 0, [1 x i8]* @p_str301, i32 0, i32 0, [1 x i8]* @p_str302, [1 x i8]* @p_str303, [1 x i8]* @p_str304, i32 2, i32 2, i32 16, i32 16, [1 x i8]* @p_str305, [1 x i8]* @p_str306)"   --->   Operation 76 'specinterface' <Predicate = true> <Delay = 0.00>
ST_12 : Operation 77 [1/1] (0.00ns)   --->   "%empty_58 = call i32 (...)* @_ssdm_op_SpecChannel([23 x i8]* @layer5_out_OC_V_OC_data_LF_7_NF_OC_V_str, i32 1, [1 x i8]* @p_str307, [1 x i8]* @p_str307, i32 1, i32 1, i16* %layer5_out_V_data_7_V, i16* %layer5_out_V_data_7_V)"   --->   Operation 77 'specchannel' 'empty_58' <Predicate = true> <Delay = 0.00>
ST_12 : Operation 78 [1/1] (0.00ns)   --->   "call void (...)* @_ssdm_op_SpecInterface(i16* %layer5_out_V_data_7_V, [8 x i8]* @ap_fifo_str, i32 0, i32 0, [1 x i8]* @p_str308, i32 0, i32 0, [1 x i8]* @p_str309, [1 x i8]* @p_str310, [1 x i8]* @p_str311, i32 2, i32 2, i32 16, i32 16, [1 x i8]* @p_str312, [1 x i8]* @p_str313)"   --->   Operation 78 'specinterface' <Predicate = true> <Delay = 0.00>
ST_12 : Operation 79 [1/1] (0.00ns)   --->   "%empty_59 = call i32 (...)* @_ssdm_op_SpecChannel([23 x i8]* @layer5_out_OC_V_OC_data_LF_8_NF_OC_V_str, i32 1, [1 x i8]* @p_str314, [1 x i8]* @p_str314, i32 1, i32 1, i16* %layer5_out_V_data_8_V, i16* %layer5_out_V_data_8_V)"   --->   Operation 79 'specchannel' 'empty_59' <Predicate = true> <Delay = 0.00>
ST_12 : Operation 80 [1/1] (0.00ns)   --->   "call void (...)* @_ssdm_op_SpecInterface(i16* %layer5_out_V_data_8_V, [8 x i8]* @ap_fifo_str, i32 0, i32 0, [1 x i8]* @p_str315, i32 0, i32 0, [1 x i8]* @p_str316, [1 x i8]* @p_str317, [1 x i8]* @p_str318, i32 2, i32 2, i32 16, i32 16, [1 x i8]* @p_str319, [1 x i8]* @p_str320)"   --->   Operation 80 'specinterface' <Predicate = true> <Delay = 0.00>
ST_12 : Operation 81 [1/1] (0.00ns)   --->   "%empty_60 = call i32 (...)* @_ssdm_op_SpecChannel([23 x i8]* @layer5_out_OC_V_OC_data_LF_9_NF_OC_V_str, i32 1, [1 x i8]* @p_str321, [1 x i8]* @p_str321, i32 1, i32 1, i16* %layer5_out_V_data_9_V, i16* %layer5_out_V_data_9_V)"   --->   Operation 81 'specchannel' 'empty_60' <Predicate = true> <Delay = 0.00>
ST_12 : Operation 82 [1/1] (0.00ns)   --->   "call void (...)* @_ssdm_op_SpecInterface(i16* %layer5_out_V_data_9_V, [8 x i8]* @ap_fifo_str, i32 0, i32 0, [1 x i8]* @p_str322, i32 0, i32 0, [1 x i8]* @p_str323, [1 x i8]* @p_str324, [1 x i8]* @p_str325, i32 2, i32 2, i32 16, i32 16, [1 x i8]* @p_str326, [1 x i8]* @p_str327)"   --->   Operation 82 'specinterface' <Predicate = true> <Delay = 0.00>
ST_12 : Operation 83 [1/1] (0.00ns)   --->   "call void (...)* @_ssdm_op_SpecInterface(i16* %conv2d_1_input_V_data_0_V, [5 x i8]* @p_str, i32 1, i32 1, [5 x i8]* @p_str6, i32 0, i32 0, [1 x i8]* @p_str7, [1 x i8]* @p_str7, [1 x i8]* @p_str7, i32 0, i32 0, i32 0, i32 0, [1 x i8]* @p_str7, [1 x i8]* @p_str7)"   --->   Operation 83 'specinterface' <Predicate = true> <Delay = 0.00>
ST_12 : Operation 84 [1/1] (0.00ns)   --->   "call void (...)* @_ssdm_op_SpecInterface(i16* %layer6_out_V_data_0_V, [5 x i8]* @p_str, i32 1, i32 1, [5 x i8]* @p_str6, i32 0, i32 0, [1 x i8]* @p_str7, [1 x i8]* @p_str7, [1 x i8]* @p_str7, i32 0, i32 0, i32 0, i32 0, [1 x i8]* @p_str7, [1 x i8]* @p_str7)"   --->   Operation 84 'specinterface' <Predicate = true> <Delay = 0.00>
ST_12 : Operation 85 [1/1] (0.00ns)   --->   "call void (...)* @_ssdm_op_SpecInterface(i16* %layer6_out_V_data_1_V, [5 x i8]* @p_str, i32 1, i32 1, [5 x i8]* @p_str6, i32 0, i32 0, [1 x i8]* @p_str7, [1 x i8]* @p_str7, [1 x i8]* @p_str7, i32 0, i32 0, i32 0, i32 0, [1 x i8]* @p_str7, [1 x i8]* @p_str7)"   --->   Operation 85 'specinterface' <Predicate = true> <Delay = 0.00>
ST_12 : Operation 86 [1/1] (0.00ns)   --->   "call void (...)* @_ssdm_op_SpecInterface(i16* %layer6_out_V_data_2_V, [5 x i8]* @p_str, i32 1, i32 1, [5 x i8]* @p_str6, i32 0, i32 0, [1 x i8]* @p_str7, [1 x i8]* @p_str7, [1 x i8]* @p_str7, i32 0, i32 0, i32 0, i32 0, [1 x i8]* @p_str7, [1 x i8]* @p_str7)"   --->   Operation 86 'specinterface' <Predicate = true> <Delay = 0.00>
ST_12 : Operation 87 [1/1] (0.00ns)   --->   "call void (...)* @_ssdm_op_SpecInterface(i16* %layer6_out_V_data_3_V, [5 x i8]* @p_str, i32 1, i32 1, [5 x i8]* @p_str6, i32 0, i32 0, [1 x i8]* @p_str7, [1 x i8]* @p_str7, [1 x i8]* @p_str7, i32 0, i32 0, i32 0, i32 0, [1 x i8]* @p_str7, [1 x i8]* @p_str7)"   --->   Operation 87 'specinterface' <Predicate = true> <Delay = 0.00>
ST_12 : Operation 88 [1/1] (0.00ns)   --->   "call void (...)* @_ssdm_op_SpecInterface(i16* %layer6_out_V_data_4_V, [5 x i8]* @p_str, i32 1, i32 1, [5 x i8]* @p_str6, i32 0, i32 0, [1 x i8]* @p_str7, [1 x i8]* @p_str7, [1 x i8]* @p_str7, i32 0, i32 0, i32 0, i32 0, [1 x i8]* @p_str7, [1 x i8]* @p_str7)"   --->   Operation 88 'specinterface' <Predicate = true> <Delay = 0.00>
ST_12 : Operation 89 [1/1] (0.00ns)   --->   "call void (...)* @_ssdm_op_SpecInterface(i16* %layer6_out_V_data_5_V, [5 x i8]* @p_str, i32 1, i32 1, [5 x i8]* @p_str6, i32 0, i32 0, [1 x i8]* @p_str7, [1 x i8]* @p_str7, [1 x i8]* @p_str7, i32 0, i32 0, i32 0, i32 0, [1 x i8]* @p_str7, [1 x i8]* @p_str7)"   --->   Operation 89 'specinterface' <Predicate = true> <Delay = 0.00>
ST_12 : Operation 90 [1/1] (0.00ns)   --->   "call void (...)* @_ssdm_op_SpecInterface(i16* %layer6_out_V_data_6_V, [5 x i8]* @p_str, i32 1, i32 1, [5 x i8]* @p_str6, i32 0, i32 0, [1 x i8]* @p_str7, [1 x i8]* @p_str7, [1 x i8]* @p_str7, i32 0, i32 0, i32 0, i32 0, [1 x i8]* @p_str7, [1 x i8]* @p_str7)"   --->   Operation 90 'specinterface' <Predicate = true> <Delay = 0.00>
ST_12 : Operation 91 [1/1] (0.00ns)   --->   "call void (...)* @_ssdm_op_SpecInterface(i16* %layer6_out_V_data_7_V, [5 x i8]* @p_str, i32 1, i32 1, [5 x i8]* @p_str6, i32 0, i32 0, [1 x i8]* @p_str7, [1 x i8]* @p_str7, [1 x i8]* @p_str7, i32 0, i32 0, i32 0, i32 0, [1 x i8]* @p_str7, [1 x i8]* @p_str7)"   --->   Operation 91 'specinterface' <Predicate = true> <Delay = 0.00>
ST_12 : Operation 92 [1/1] (0.00ns)   --->   "call void (...)* @_ssdm_op_SpecInterface(i16* %layer6_out_V_data_8_V, [5 x i8]* @p_str, i32 1, i32 1, [5 x i8]* @p_str6, i32 0, i32 0, [1 x i8]* @p_str7, [1 x i8]* @p_str7, [1 x i8]* @p_str7, i32 0, i32 0, i32 0, i32 0, [1 x i8]* @p_str7, [1 x i8]* @p_str7)"   --->   Operation 92 'specinterface' <Predicate = true> <Delay = 0.00>
ST_12 : Operation 93 [1/1] (0.00ns)   --->   "call void (...)* @_ssdm_op_SpecInterface(i16* %layer6_out_V_data_9_V, [5 x i8]* @p_str, i32 1, i32 1, [5 x i8]* @p_str6, i32 0, i32 0, [1 x i8]* @p_str7, [1 x i8]* @p_str7, [1 x i8]* @p_str7, i32 0, i32 0, i32 0, i32 0, [1 x i8]* @p_str7, [1 x i8]* @p_str7)"   --->   Operation 93 'specinterface' <Predicate = true> <Delay = 0.00>
ST_12 : Operation 94 [1/1] (0.00ns)   --->   "call fastcc void @Block__proc(i16* %const_size_in_1, i16* %const_size_out_1)"   --->   Operation 94 'call' <Predicate = true> <Delay = 0.00> <CoreType = "Generic">   --->   Core 0 '' <Latency = 0> <II = 1> <Delay = 1.00> <Generic> <Opcode : >
ST_12 : Operation 95 [1/1] (0.00ns)   --->   "ret void" [firmware/myproject.cpp:74]   --->   Operation 95 'ret' <Predicate = true> <Delay = 0.00>


============================================================
+ Verbose Summary: Timing violations
============================================================
Target clock period: 5ns, clock uncertainty: 0.625ns.

 <State 1>: 0ns
The critical path consists of the following:

 <State 2>: 0ns
The critical path consists of the following:

 <State 3>: 0ns
The critical path consists of the following:

 <State 4>: 0ns
The critical path consists of the following:

 <State 5>: 0ns
The critical path consists of the following:

 <State 6>: 0ns
The critical path consists of the following:

 <State 7>: 0ns
The critical path consists of the following:

 <State 8>: 0ns
The critical path consists of the following:

 <State 9>: 0ns
The critical path consists of the following:

 <State 10>: 0ns
The critical path consists of the following:

 <State 11>: 0ns
The critical path consists of the following:

 <State 12>: 0ns
The critical path consists of the following:


============================================================
+ Verbose Summary: Binding
============================================================
N/A
* FSMD analyzer results:
  - Output states:
 - Input state : 
  - Chain level:
	State 1
	State 2
	State 3
	State 4
	State 5
	State 6
	State 7
	State 8
	State 9
	State 10
	State 11
	State 12


============================================================
+ Verbose Summary: Datapath Resource usage 
============================================================
N/A
