

================================================================
== Vivado HLS Report for 'zeropad2d_cl_array_array_ap_fixed_1u_config7_s'
================================================================
* Date:           Thu Feb 17 20:07:48 2022

* Version:        2019.2 (Build 2704478 on Wed Nov 06 22:10:23 MST 2019)
* Project:        myproject_prj
* Solution:       solution1
* Product family: virtexuplus
* Target device:  xcu250-figd2104-2L-e


================================================================
== Performance Estimates
================================================================
+ Timing: 
    * Summary: 
    +--------+---------+----------+------------+
    |  Clock |  Target | Estimated| Uncertainty|
    +--------+---------+----------+------------+
    |ap_clk  | 5.00 ns | 1.458 ns |   0.62 ns  |
    +--------+---------+----------+------------+

+ Latency: 
    * Summary: 
    +---------+---------+----------+----------+-----+-----+---------+
    |  Latency (cycles) |  Latency (absolute) |  Interval | Pipeline|
    |   min   |   max   |    min   |    max   | min | max |   Type  |
    +---------+---------+----------+----------+-----+-----+---------+
    |      103|      103| 0.515 us | 0.515 us |  103|  103|   none  |
    +---------+---------+----------+----------+-----+-----+---------+

    + Detail: 
        * Instance: 
        N/A

        * Loop: 
        +------------------+---------+---------+----------+-----------+-----------+------+----------+
        |                  |  Latency (cycles) | Iteration|  Initiation Interval  | Trip |          |
        |     Loop Name    |   min   |   max   |  Latency |  achieved |   target  | Count| Pipelined|
        +------------------+---------+---------+----------+-----------+-----------+------+----------+
        |- PadTopWidth     |       10|       10|         1|          -|          -|    10|    no    |
        |- PadMain         |       80|       80|        10|          -|          -|     8|    no    |
        | + CopyMain       |        8|        8|         1|          -|          -|     8|    no    |
        |- PadBottomWidth  |       10|       10|         1|          -|          -|    10|    no    |
        +------------------+---------+---------+----------+-----------+-----------+------+----------+

============================================================
+ Verbose Summary: Synthesis Manager
============================================================
InlineROM: 1
ExposeGlobal: 0
============================================================
+ Verbose Summary: CDFG Model
============================================================
IsTopModel: 0
ResetActiveHigh: 1
IsCombinational: 2
IsDatapathOnly: 0
HasWiredReturn: 1
HasMFsm: 0
HasVarLatency: 1
IsPipeline: 0
IsRtlPipelined: 0
IsInstanceOverlapped: 0
IsDontTouch: 0
HasImplIP: 0
IsGatedGlobalClock: 0


============================================================
+ Verbose Summary: Schedule
============================================================
* Number of FSM states : 5
* Pipeline : 0
* Dataflow Pipeline: 0

* FSM state transitions: 
1 --> 2 
2 --> 2 3 
3 --> 4 5 
4 --> 4 3 
5 --> 5 

* FSM state operations: 

State 1 <SV = 0> <Delay = 0.60>
ST_1 : Operation 6 [1/1] (0.00ns)   --->   "call void (...)* @_ssdm_op_SpecInterface(i16* %res_V_data_V, [8 x i8]* @ap_fifo_str, i32 0, i32 0, [1 x i8]* @p_str224, i32 0, i32 0, [1 x i8]* @p_str225, [1 x i8]* @p_str226, [1 x i8]* @p_str227, i32 2, i32 2, i32 16, i32 16, [1 x i8]* @p_str228, [1 x i8]* @p_str229)"   --->   Operation 6 'specinterface' <Predicate = true> <Delay = 0.00>
ST_1 : Operation 7 [1/1] (0.00ns)   --->   "call void (...)* @_ssdm_op_SpecInterface(i16* %data_V_data_V, [5 x i8]* @p_str, i32 1, i32 1, [5 x i8]* @p_str6, i32 0, i32 0, [1 x i8]* @p_str7, [1 x i8]* @p_str7, [1 x i8]* @p_str7, i32 0, i32 0, i32 0, i32 0, [1 x i8]* @p_str7, [1 x i8]* @p_str7)"   --->   Operation 7 'specinterface' <Predicate = true> <Delay = 0.00>
ST_1 : Operation 8 [1/1] (0.00ns)   --->   "call void (...)* @_ssdm_op_SpecLoopName([7 x i8]* @p_str48) nounwind" [firmware/nnet_utils/nnet_padding_stream.h:55]   --->   Operation 8 'specloopname' <Predicate = true> <Delay = 0.00>
ST_1 : Operation 9 [1/1] (0.00ns)   --->   "%tmp = call i32 (...)* @_ssdm_op_SpecRegionBegin([7 x i8]* @p_str48)" [firmware/nnet_utils/nnet_padding_stream.h:55]   --->   Operation 9 'specregionbegin' 'tmp' <Predicate = true> <Delay = 0.00>
ST_1 : Operation 10 [1/1] (0.60ns)   --->   "br label %0" [firmware/nnet_utils/nnet_padding_stream.h:56]   --->   Operation 10 'br' <Predicate = true> <Delay = 0.60>

State 2 <SV = 1> <Delay = 1.45>
ST_2 : Operation 11 [1/1] (0.00ns)   --->   "%j_0 = phi i4 [ 0, %PadTop_begin ], [ %j, %1 ]"   --->   Operation 11 'phi' 'j_0' <Predicate = true> <Delay = 0.00>
ST_2 : Operation 12 [1/1] (0.65ns)   --->   "%icmp_ln56 = icmp eq i4 %j_0, -6" [firmware/nnet_utils/nnet_padding_stream.h:56]   --->   Operation 12 'icmp' 'icmp_ln56' <Predicate = true> <Delay = 0.65> <Core = "Cmp">   --->   Core 25 'Cmp' <Latency = 0> <II = 1> <Delay = 0.65> <FuncUnit> <Opcode : 'icmp'> <InPorts = 2> <OutPorts = 1>
ST_2 : Operation 13 [1/1] (0.00ns)   --->   "%empty = call i32 (...)* @_ssdm_op_SpecLoopTripCount(i64 10, i64 10, i64 10)"   --->   Operation 13 'speclooptripcount' 'empty' <Predicate = true> <Delay = 0.00>
ST_2 : Operation 14 [1/1] (0.33ns)   --->   "%j = add i4 %j_0, 1" [firmware/nnet_utils/nnet_padding_stream.h:56]   --->   Operation 14 'add' 'j' <Predicate = true> <Delay = 0.33> <Core = "AddSub">   --->   Core 14 'AddSub' <Latency = 0> <II = 1> <Delay = 0.33> <FuncUnit> <Opcode : 'add' 'sub'> <InPorts = 2> <OutPorts = 1>
ST_2 : Operation 15 [1/1] (0.00ns)   --->   "br i1 %icmp_ln56, label %PadTop_end, label %1" [firmware/nnet_utils/nnet_padding_stream.h:56]   --->   Operation 15 'br' <Predicate = true> <Delay = 0.00>
ST_2 : Operation 16 [1/1] (0.00ns)   --->   "call void (...)* @_ssdm_op_SpecLoopName([12 x i8]* @p_str49) nounwind" [firmware/nnet_utils/nnet_padding_stream.h:56]   --->   Operation 16 'specloopname' <Predicate = (!icmp_ln56)> <Delay = 0.00>
ST_2 : Operation 17 [1/1] (1.45ns)   --->   "call void @_ssdm_op_Write.ap_fifo.volatile.i16P(i16* %res_V_data_V, i16 0)" [firmware/nnet_utils/nnet_padding_stream.h:16->firmware/nnet_utils/nnet_padding_stream.h:57]   --->   Operation 17 'write' <Predicate = (!icmp_ln56)> <Delay = 1.45> <Core = "FIFO">   --->   Core 32 'FIFO' <Latency = 0> <II = 1> <Delay = 1.45> <Storage> <Opcode : 'read' 'write' 'nbread' 'nbwrite'> <Ports = 0> <Width = 16> <Depth = 1> <FIFO>
ST_2 : Operation 18 [1/1] (0.00ns)   --->   "br label %0" [firmware/nnet_utils/nnet_padding_stream.h:56]   --->   Operation 18 'br' <Predicate = (!icmp_ln56)> <Delay = 0.00>
ST_2 : Operation 19 [1/1] (0.00ns)   --->   "%empty_28 = call i32 (...)* @_ssdm_op_SpecRegionEnd([7 x i8]* @p_str48, i32 %tmp)" [firmware/nnet_utils/nnet_padding_stream.h:59]   --->   Operation 19 'specregionend' 'empty_28' <Predicate = (icmp_ln56)> <Delay = 0.00>
ST_2 : Operation 20 [1/1] (0.60ns)   --->   "br label %.preheader3" [firmware/nnet_utils/nnet_padding_stream.h:61]   --->   Operation 20 'br' <Predicate = (icmp_ln56)> <Delay = 0.60>

State 3 <SV = 2> <Delay = 1.45>
ST_3 : Operation 21 [1/1] (0.00ns)   --->   "%i1_0 = phi i4 [ %i, %PadMain_end ], [ 0, %PadTop_end ]"   --->   Operation 21 'phi' 'i1_0' <Predicate = true> <Delay = 0.00>
ST_3 : Operation 22 [1/1] (0.65ns)   --->   "%icmp_ln61 = icmp eq i4 %i1_0, -8" [firmware/nnet_utils/nnet_padding_stream.h:61]   --->   Operation 22 'icmp' 'icmp_ln61' <Predicate = true> <Delay = 0.65> <Core = "Cmp">   --->   Core 25 'Cmp' <Latency = 0> <II = 1> <Delay = 0.65> <FuncUnit> <Opcode : 'icmp'> <InPorts = 2> <OutPorts = 1>
ST_3 : Operation 23 [1/1] (0.00ns)   --->   "%empty_29 = call i32 (...)* @_ssdm_op_SpecLoopTripCount(i64 8, i64 8, i64 8)"   --->   Operation 23 'speclooptripcount' 'empty_29' <Predicate = true> <Delay = 0.00>
ST_3 : Operation 24 [1/1] (0.33ns)   --->   "%i = add i4 %i1_0, 1" [firmware/nnet_utils/nnet_padding_stream.h:61]   --->   Operation 24 'add' 'i' <Predicate = true> <Delay = 0.33> <Core = "AddSub">   --->   Core 14 'AddSub' <Latency = 0> <II = 1> <Delay = 0.33> <FuncUnit> <Opcode : 'add' 'sub'> <InPorts = 2> <OutPorts = 1>
ST_3 : Operation 25 [1/1] (0.00ns)   --->   "br i1 %icmp_ln61, label %PadBottom_begin, label %PadMain_begin" [firmware/nnet_utils/nnet_padding_stream.h:61]   --->   Operation 25 'br' <Predicate = true> <Delay = 0.00>
ST_3 : Operation 26 [1/1] (0.00ns)   --->   "call void (...)* @_ssdm_op_SpecLoopName([8 x i8]* @p_str50) nounwind" [firmware/nnet_utils/nnet_padding_stream.h:61]   --->   Operation 26 'specloopname' <Predicate = (!icmp_ln61)> <Delay = 0.00>
ST_3 : Operation 27 [1/1] (0.00ns)   --->   "%tmp_2 = call i32 (...)* @_ssdm_op_SpecRegionBegin([8 x i8]* @p_str50)" [firmware/nnet_utils/nnet_padding_stream.h:61]   --->   Operation 27 'specregionbegin' 'tmp_2' <Predicate = (!icmp_ln61)> <Delay = 0.00>
ST_3 : Operation 28 [1/1] (0.00ns)   --->   "call void (...)* @_ssdm_op_SpecLoopName([8 x i8]* @p_str51) nounwind" [firmware/nnet_utils/nnet_padding_stream.h:62]   --->   Operation 28 'specloopname' <Predicate = (!icmp_ln61)> <Delay = 0.00>
ST_3 : Operation 29 [1/1] (1.45ns)   --->   "call void @_ssdm_op_Write.ap_fifo.volatile.i16P(i16* %res_V_data_V, i16 0)" [firmware/nnet_utils/nnet_padding_stream.h:16->firmware/nnet_utils/nnet_padding_stream.h:63]   --->   Operation 29 'write' <Predicate = (!icmp_ln61)> <Delay = 1.45> <Core = "FIFO">   --->   Core 32 'FIFO' <Latency = 0> <II = 1> <Delay = 1.45> <Storage> <Opcode : 'read' 'write' 'nbread' 'nbwrite'> <Ports = 0> <Width = 16> <Depth = 1> <FIFO>
ST_3 : Operation 30 [1/1] (0.60ns)   --->   "br label %.preheader2" [firmware/nnet_utils/nnet_padding_stream.h:65]   --->   Operation 30 'br' <Predicate = (!icmp_ln61)> <Delay = 0.60>
ST_3 : Operation 31 [1/1] (0.00ns)   --->   "call void (...)* @_ssdm_op_SpecLoopName([10 x i8]* @p_str54) nounwind" [firmware/nnet_utils/nnet_padding_stream.h:73]   --->   Operation 31 'specloopname' <Predicate = (icmp_ln61)> <Delay = 0.00>
ST_3 : Operation 32 [1/1] (0.00ns)   --->   "%tmp_1 = call i32 (...)* @_ssdm_op_SpecRegionBegin([10 x i8]* @p_str54)" [firmware/nnet_utils/nnet_padding_stream.h:73]   --->   Operation 32 'specregionbegin' 'tmp_1' <Predicate = (icmp_ln61)> <Delay = 0.00>
ST_3 : Operation 33 [1/1] (0.60ns)   --->   "br label %3" [firmware/nnet_utils/nnet_padding_stream.h:74]   --->   Operation 33 'br' <Predicate = (icmp_ln61)> <Delay = 0.60>

State 4 <SV = 3> <Delay = 1.45>
ST_4 : Operation 34 [1/1] (0.00ns)   --->   "%j3_0 = phi i4 [ %j_2, %2 ], [ 0, %PadMain_begin ]"   --->   Operation 34 'phi' 'j3_0' <Predicate = true> <Delay = 0.00>
ST_4 : Operation 35 [1/1] (0.65ns)   --->   "%icmp_ln65 = icmp eq i4 %j3_0, -8" [firmware/nnet_utils/nnet_padding_stream.h:65]   --->   Operation 35 'icmp' 'icmp_ln65' <Predicate = true> <Delay = 0.65> <Core = "Cmp">   --->   Core 25 'Cmp' <Latency = 0> <II = 1> <Delay = 0.65> <FuncUnit> <Opcode : 'icmp'> <InPorts = 2> <OutPorts = 1>
ST_4 : Operation 36 [1/1] (0.00ns)   --->   "%empty_30 = call i32 (...)* @_ssdm_op_SpecLoopTripCount(i64 8, i64 8, i64 8)"   --->   Operation 36 'speclooptripcount' 'empty_30' <Predicate = true> <Delay = 0.00>
ST_4 : Operation 37 [1/1] (0.33ns)   --->   "%j_2 = add i4 %j3_0, 1" [firmware/nnet_utils/nnet_padding_stream.h:65]   --->   Operation 37 'add' 'j_2' <Predicate = true> <Delay = 0.33> <Core = "AddSub">   --->   Core 14 'AddSub' <Latency = 0> <II = 1> <Delay = 0.33> <FuncUnit> <Opcode : 'add' 'sub'> <InPorts = 2> <OutPorts = 1>
ST_4 : Operation 38 [1/1] (0.00ns)   --->   "br i1 %icmp_ln65, label %PadMain_end, label %2" [firmware/nnet_utils/nnet_padding_stream.h:65]   --->   Operation 38 'br' <Predicate = true> <Delay = 0.00>
ST_4 : Operation 39 [1/1] (0.00ns)   --->   "call void (...)* @_ssdm_op_SpecLoopName([9 x i8]* @p_str52) nounwind" [firmware/nnet_utils/nnet_padding_stream.h:65]   --->   Operation 39 'specloopname' <Predicate = (!icmp_ln65)> <Delay = 0.00>
ST_4 : Operation 40 [1/1] (0.00ns)   --->   "%tmp_data_0_V = call i16 @_ssdm_op_Read.axis.volatile.i16P(i16* %data_V_data_V)" [firmware/nnet_utils/nnet_padding_stream.h:22->firmware/nnet_utils/nnet_padding_stream.h:66]   --->   Operation 40 'read' 'tmp_data_0_V' <Predicate = (!icmp_ln65)> <Delay = 0.00> <Core = "AXI4Stream">   --->   Core 5 'AXI4Stream' <Latency = 0> <II = 1> <Delay = 1.00> <Adapter> <Opcode : >
ST_4 : Operation 41 [1/1] (1.45ns)   --->   "call void @_ssdm_op_Write.ap_fifo.volatile.i16P(i16* %res_V_data_V, i16 %tmp_data_0_V)" [firmware/nnet_utils/nnet_padding_stream.h:28->firmware/nnet_utils/nnet_padding_stream.h:66]   --->   Operation 41 'write' <Predicate = (!icmp_ln65)> <Delay = 1.45> <Core = "FIFO">   --->   Core 32 'FIFO' <Latency = 0> <II = 1> <Delay = 1.45> <Storage> <Opcode : 'read' 'write' 'nbread' 'nbwrite'> <Ports = 0> <Width = 16> <Depth = 1> <FIFO>
ST_4 : Operation 42 [1/1] (0.00ns)   --->   "br label %.preheader2" [firmware/nnet_utils/nnet_padding_stream.h:65]   --->   Operation 42 'br' <Predicate = (!icmp_ln65)> <Delay = 0.00>
ST_4 : Operation 43 [1/1] (0.00ns)   --->   "call void (...)* @_ssdm_op_SpecLoopName([9 x i8]* @p_str53) nounwind" [firmware/nnet_utils/nnet_padding_stream.h:68]   --->   Operation 43 'specloopname' <Predicate = (icmp_ln65)> <Delay = 0.00>
ST_4 : Operation 44 [1/1] (1.45ns)   --->   "call void @_ssdm_op_Write.ap_fifo.volatile.i16P(i16* %res_V_data_V, i16 0)" [firmware/nnet_utils/nnet_padding_stream.h:16->firmware/nnet_utils/nnet_padding_stream.h:69]   --->   Operation 44 'write' <Predicate = (icmp_ln65)> <Delay = 1.45> <Core = "FIFO">   --->   Core 32 'FIFO' <Latency = 0> <II = 1> <Delay = 1.45> <Storage> <Opcode : 'read' 'write' 'nbread' 'nbwrite'> <Ports = 0> <Width = 16> <Depth = 1> <FIFO>
ST_4 : Operation 45 [1/1] (0.00ns)   --->   "%empty_31 = call i32 (...)* @_ssdm_op_SpecRegionEnd([8 x i8]* @p_str50, i32 %tmp_2)" [firmware/nnet_utils/nnet_padding_stream.h:71]   --->   Operation 45 'specregionend' 'empty_31' <Predicate = (icmp_ln65)> <Delay = 0.00>
ST_4 : Operation 46 [1/1] (0.00ns)   --->   "br label %.preheader3" [firmware/nnet_utils/nnet_padding_stream.h:61]   --->   Operation 46 'br' <Predicate = (icmp_ln65)> <Delay = 0.00>

State 5 <SV = 3> <Delay = 1.45>
ST_5 : Operation 47 [1/1] (0.00ns)   --->   "%j6_0 = phi i4 [ 0, %PadBottom_begin ], [ %j_1, %4 ]"   --->   Operation 47 'phi' 'j6_0' <Predicate = true> <Delay = 0.00>
ST_5 : Operation 48 [1/1] (0.65ns)   --->   "%icmp_ln74 = icmp eq i4 %j6_0, -6" [firmware/nnet_utils/nnet_padding_stream.h:74]   --->   Operation 48 'icmp' 'icmp_ln74' <Predicate = true> <Delay = 0.65> <Core = "Cmp">   --->   Core 25 'Cmp' <Latency = 0> <II = 1> <Delay = 0.65> <FuncUnit> <Opcode : 'icmp'> <InPorts = 2> <OutPorts = 1>
ST_5 : Operation 49 [1/1] (0.00ns)   --->   "%empty_32 = call i32 (...)* @_ssdm_op_SpecLoopTripCount(i64 10, i64 10, i64 10)"   --->   Operation 49 'speclooptripcount' 'empty_32' <Predicate = true> <Delay = 0.00>
ST_5 : Operation 50 [1/1] (0.33ns)   --->   "%j_1 = add i4 %j6_0, 1" [firmware/nnet_utils/nnet_padding_stream.h:74]   --->   Operation 50 'add' 'j_1' <Predicate = true> <Delay = 0.33> <Core = "AddSub">   --->   Core 14 'AddSub' <Latency = 0> <II = 1> <Delay = 0.33> <FuncUnit> <Opcode : 'add' 'sub'> <InPorts = 2> <OutPorts = 1>
ST_5 : Operation 51 [1/1] (0.00ns)   --->   "br i1 %icmp_ln74, label %PadBottom_end, label %4" [firmware/nnet_utils/nnet_padding_stream.h:74]   --->   Operation 51 'br' <Predicate = true> <Delay = 0.00>
ST_5 : Operation 52 [1/1] (0.00ns)   --->   "call void (...)* @_ssdm_op_SpecLoopName([15 x i8]* @p_str55) nounwind" [firmware/nnet_utils/nnet_padding_stream.h:74]   --->   Operation 52 'specloopname' <Predicate = (!icmp_ln74)> <Delay = 0.00>
ST_5 : Operation 53 [1/1] (1.45ns)   --->   "call void @_ssdm_op_Write.ap_fifo.volatile.i16P(i16* %res_V_data_V, i16 0)" [firmware/nnet_utils/nnet_padding_stream.h:16->firmware/nnet_utils/nnet_padding_stream.h:75]   --->   Operation 53 'write' <Predicate = (!icmp_ln74)> <Delay = 1.45> <Core = "FIFO">   --->   Core 32 'FIFO' <Latency = 0> <II = 1> <Delay = 1.45> <Storage> <Opcode : 'read' 'write' 'nbread' 'nbwrite'> <Ports = 0> <Width = 16> <Depth = 1> <FIFO>
ST_5 : Operation 54 [1/1] (0.00ns)   --->   "br label %3" [firmware/nnet_utils/nnet_padding_stream.h:74]   --->   Operation 54 'br' <Predicate = (!icmp_ln74)> <Delay = 0.00>
ST_5 : Operation 55 [1/1] (0.00ns)   --->   "%empty_33 = call i32 (...)* @_ssdm_op_SpecRegionEnd([10 x i8]* @p_str54, i32 %tmp_1)" [firmware/nnet_utils/nnet_padding_stream.h:77]   --->   Operation 55 'specregionend' 'empty_33' <Predicate = (icmp_ln74)> <Delay = 0.00>
ST_5 : Operation 56 [1/1] (0.00ns)   --->   "ret void" [firmware/nnet_utils/nnet_padding_stream.h:78]   --->   Operation 56 'ret' <Predicate = (icmp_ln74)> <Delay = 0.00>


============================================================
+ Verbose Summary: Timing violations
============================================================
Target clock period: 5ns, clock uncertainty: 0.625ns.

 <State 1>: 0.603ns
The critical path consists of the following:
	multiplexor before 'phi' operation ('j') with incoming values : ('j', firmware/nnet_utils/nnet_padding_stream.h:56) [9]  (0.603 ns)

 <State 2>: 1.46ns
The critical path consists of the following:
	fifo write on port 'res_V_data_V' (firmware/nnet_utils/nnet_padding_stream.h:16->firmware/nnet_utils/nnet_padding_stream.h:57) [16]  (1.46 ns)

 <State 3>: 1.46ns
The critical path consists of the following:
	fifo write on port 'res_V_data_V' (firmware/nnet_utils/nnet_padding_stream.h:16->firmware/nnet_utils/nnet_padding_stream.h:63) [31]  (1.46 ns)

 <State 4>: 1.46ns
The critical path consists of the following:
	axis read on port 'data_V_data_V' (firmware/nnet_utils/nnet_padding_stream.h:22->firmware/nnet_utils/nnet_padding_stream.h:66) [41]  (0 ns)
	fifo write on port 'res_V_data_V' (firmware/nnet_utils/nnet_padding_stream.h:28->firmware/nnet_utils/nnet_padding_stream.h:66) [42]  (1.46 ns)

 <State 5>: 1.46ns
The critical path consists of the following:
	fifo write on port 'res_V_data_V' (firmware/nnet_utils/nnet_padding_stream.h:16->firmware/nnet_utils/nnet_padding_stream.h:75) [61]  (1.46 ns)


============================================================
+ Verbose Summary: Binding
============================================================
N/A
* FSMD analyzer results:
  - Output states:
 - Input state : 
  - Chain level:
	State 1
	State 2
	State 3
	State 4
	State 5


============================================================
+ Verbose Summary: Datapath Resource usage 
============================================================
N/A
